Archive:  fiji-linux64.zip
  inflating: /home/pkleczek/Applications/Fiji.app/Fiji.app/db.xml.gz  
  inflating: /home/pkleczek/Applications/Fiji.app/Fiji.app/Contents/Info.plist  
  inflating: /home/pkleczek/Applications/Fiji.app/Fiji.app/Contents/Resources/Fiji.icns  
  inflating: /home/pkleczek/Applications/Fiji.app/Fiji.app/Contents/Resources/ImageJ.icns  
  inflating: /home/pkleczek/Applications/Fiji.app/Fiji.app/ImageJ-linux64  
  inflating: /home/pkleczek/Applications/Fiji.app/Fiji.app/plugins/3D_Blob_Segmentation-3.0.1.jar  
  inflating: /home/pkleczek/Applications/Fiji.app/Fiji.app/plugins/3D_Objects_Counter-2.0.1.jar  
  inflating: /home/pkleczek/Applications/Fiji.app/Fiji.app/plugins/3D_Viewer-4.0.2.jar  
  inflating: /home/pkleczek/Applications/Fiji.app/Fiji.app/plugins/Analyze/Dynamic_ROI_Profiler.clj  
  inflating: /home/pkleczek/Applications/Fiji.app/Fiji.app/plugins/Analyze/Measure_RGB.txt  
  inflating: /home/pkleczek/Applications/Fiji.app/Fiji.app/plugins/AnalyzeSkeleton_-3.3.0.jar  
  inflating: /home/pkleczek/Applications/Fiji.app/Fiji.app/plugins/Anisotropic_Diffusion_2D-2.0.1.jar  
  inflating: /home/pkleczek/Applications/Fiji.app/Fiji.app/plugins/Archipelago_Plugins-0.5.4.jar  
  inflating: /home/pkleczek/Applications/Fiji.app/Fiji.app/plugins/Arrow_-2.0.2.jar  
  inflating: /home/pkleczek/Applications/Fiji.app/Fiji.app/plugins/Auto_Local_Threshold-1.10.0.jar  
  inflating: /home/pkleczek/Applications/Fiji.app/Fiji.app/plugins/Auto_Threshold-1.17.1.jar  
  inflating: /home/pkleczek/Applications/Fiji.app/Fiji.app/plugins/BalloonSegmentation_-3.0.1.jar  
  inflating: /home/pkleczek/Applications/Fiji.app/Fiji.app/plugins/Bug_Submitter-2.1.1.jar  
  inflating: /home/pkleczek/Applications/Fiji.app/Fiji.app/plugins/CPU_Meter-2.0.1.jar  
  inflating: /home/pkleczek/Applications/Fiji.app/Fiji.app/plugins/Calculator_Plus-2.0.1.jar  
  inflating: /home/pkleczek/Applications/Fiji.app/Fiji.app/plugins/Cell_Counter-2.2.2.jar  
  inflating: /home/pkleczek/Applications/Fiji.app/Fiji.app/plugins/Colocalisation_Analysis-3.0.5.jar  
  inflating: /home/pkleczek/Applications/Fiji.app/Fiji.app/plugins/Color_Histogram-2.0.7.jar  
  inflating: /home/pkleczek/Applications/Fiji.app/Fiji.app/plugins/Color_Inspector_3D-2.3.2.jar  
  inflating: /home/pkleczek/Applications/Fiji.app/Fiji.app/plugins/Colour_Deconvolution-3.0.2.jar  
  inflating: /home/pkleczek/Applications/Fiji.app/Fiji.app/plugins/CorrectBleach_-2.0.2.jar  
  inflating: /home/pkleczek/Applications/Fiji.app/Fiji.app/plugins/Correct_3D_Drift-1.0.3.jar  
  inflating: /home/pkleczek/Applications/Fiji.app/Fiji.app/plugins/Descriptor_based_registration-2.1.2.jar  
  inflating: /home/pkleczek/Applications/Fiji.app/Fiji.app/plugins/Dichromacy_-2.1.1.jar  
  inflating: /home/pkleczek/Applications/Fiji.app/Fiji.app/plugins/Directionality_-2.3.0.jar  
  inflating: /home/pkleczek/Applications/Fiji.app/Fiji.app/plugins/Examples/Add_Popup_Split_Channels.bsh  
  inflating: /home/pkleczek/Applications/Fiji.app/Fiji.app/plugins/Examples/Anaglyph_for_Red_Cyan_glasses.rb  
  inflating: /home/pkleczek/Applications/Fiji.app/Fiji.app/plugins/Examples/Blobs_Demo_in_Ruby.rb  
  inflating: /home/pkleczek/Applications/Fiji.app/Fiji.app/plugins/Examples/Command_Launchers/Command_Launcher_BeanShell.bsh  
  inflating: /home/pkleczek/Applications/Fiji.app/Fiji.app/plugins/Examples/Command_Launchers/Command_Launcher_Clojure.clj  
  inflating: /home/pkleczek/Applications/Fiji.app/Fiji.app/plugins/Examples/Command_Launchers/Command_Launcher_Javascript.js  
  inflating: /home/pkleczek/Applications/Fiji.app/Fiji.app/plugins/Examples/Command_Launchers/Command_Launcher_Python.py  
  inflating: /home/pkleczek/Applications/Fiji.app/Fiji.app/plugins/Examples/Command_Launchers/Command_Launcher_Ruby.rb  
  inflating: /home/pkleczek/Applications/Fiji.app/Fiji.app/plugins/Examples/CoverMaker/Cover_Maker.py  
  inflating: /home/pkleczek/Applications/Fiji.app/Fiji.app/plugins/Examples/CoverMaker/Prepare_Cover_Maker_Database.py  
  inflating: /home/pkleczek/Applications/Fiji.app/Fiji.app/plugins/Examples/Delayed_Snapshot.py  
  inflating: /home/pkleczek/Applications/Fiji.app/Fiji.app/plugins/Examples/Delayed_Snapshot_Window.bsh  
  inflating: /home/pkleczek/Applications/Fiji.app/Fiji.app/plugins/Examples/Edit_LUT_As_Text.py  
  inflating: /home/pkleczek/Applications/Fiji.app/Fiji.app/plugins/Examples/Extended_Profile_Plot.bsh  
  inflating: /home/pkleczek/Applications/Fiji.app/Fiji.app/plugins/Examples/Fiji_Cube.ijm  
  inflating: /home/pkleczek/Applications/Fiji.app/Fiji.app/plugins/Examples/Fiji_Logo_3D.js  
  inflating: /home/pkleczek/Applications/Fiji.app/Fiji.app/plugins/Examples/Find_Dimension_of_Raw_Image.py  
  inflating: /home/pkleczek/Applications/Fiji.app/Fiji.app/plugins/Examples/Image_To_Tool_Icon.bsh  
  inflating: /home/pkleczek/Applications/Fiji.app/Fiji.app/plugins/Examples/Multithreaded_Image_Processing.clj  
  inflating: /home/pkleczek/Applications/Fiji.app/Fiji.app/plugins/Examples/Multithreaded_Image_Processing_in_Javascript.js  
  inflating: /home/pkleczek/Applications/Fiji.app/Fiji.app/plugins/Examples/Plasma_Cloud.rb  
  inflating: /home/pkleczek/Applications/Fiji.app/Fiji.app/plugins/Examples/Same_Slice_in_Multiple_Images.rb  
  inflating: /home/pkleczek/Applications/Fiji.app/Fiji.app/plugins/Examples/The_Hue_Game.bsh  
  inflating: /home/pkleczek/Applications/Fiji.app/Fiji.app/plugins/Examples/TrakEM2_Example_Scripts/Homogenize_Ball_Radius.py  
  inflating: /home/pkleczek/Applications/Fiji.app/Fiji.app/plugins/Examples/TrakEM2_Example_Scripts/Measure_AreaLists.py  
  inflating: /home/pkleczek/Applications/Fiji.app/Fiji.app/plugins/Examples/TrakEM2_Example_Scripts/T2_Select_All.py  
  inflating: /home/pkleczek/Applications/Fiji.app/Fiji.app/plugins/Examples/TrakEM2_Example_Scripts/T2_set_all_transforms_to_identity.py  
  inflating: /home/pkleczek/Applications/Fiji.app/Fiji.app/plugins/Examples/TrakEM2_Example_Scripts/extract_stack_under_arealist.py  
  inflating: /home/pkleczek/Applications/Fiji.app/Fiji.app/plugins/Examples/blend_two_images.clj  
  inflating: /home/pkleczek/Applications/Fiji.app/Fiji.app/plugins/Examples/celsius_to_fahrenheit.clj  
  inflating: /home/pkleczek/Applications/Fiji.app/Fiji.app/plugins/Examples/chess_.py  
  inflating: /home/pkleczek/Applications/Fiji.app/Fiji.app/plugins/Examples/compose_rgb-stacks.bsh  
  inflating: /home/pkleczek/Applications/Fiji.app/Fiji.app/plugins/Examples/downsample_.js  
  inflating: /home/pkleczek/Applications/Fiji.app/Fiji.app/plugins/Examples/list_all_threads.py  
  inflating: /home/pkleczek/Applications/Fiji.app/Fiji.app/plugins/Examples/random_noise_example.clj  
  inflating: /home/pkleczek/Applications/Fiji.app/Fiji.app/plugins/FS_Align_TrakEM2-2.0.3.jar  
  inflating: /home/pkleczek/Applications/Fiji.app/Fiji.app/plugins/Feature_Detection-2.0.2.jar  
  inflating: /home/pkleczek/Applications/Fiji.app/Fiji.app/plugins/Fiji_Archipelago-2.0.1.jar  
  inflating: /home/pkleczek/Applications/Fiji.app/Fiji.app/plugins/Fiji_Developer-2.0.7.jar  
  inflating: /home/pkleczek/Applications/Fiji.app/Fiji.app/plugins/Fiji_Package_Maker-2.1.1.jar  
  inflating: /home/pkleczek/Applications/Fiji.app/Fiji.app/plugins/Fiji_Plugins-3.1.1.jar  
  inflating: /home/pkleczek/Applications/Fiji.app/Fiji.app/plugins/FlowJ_-1.29.3.jar  
  inflating: /home/pkleczek/Applications/Fiji.app/Fiji.app/plugins/Graph_Cut-1.0.2.jar  
  inflating: /home/pkleczek/Applications/Fiji.app/Fiji.app/plugins/Gray_Morphology-2.3.4.jar  
  inflating: /home/pkleczek/Applications/Fiji.app/Fiji.app/plugins/H5J_Loader_Plugin-1.0.7.jar  
  inflating: /home/pkleczek/Applications/Fiji.app/Fiji.app/plugins/HDF5_Vibez-1.0.2.jar  
  inflating: /home/pkleczek/Applications/Fiji.app/Fiji.app/plugins/Helmholtz_Analysis-2.0.2.jar  
  inflating: /home/pkleczek/Applications/Fiji.app/Fiji.app/plugins/IJ_Robot-2.0.1.jar  
  inflating: /home/pkleczek/Applications/Fiji.app/Fiji.app/plugins/IO_-3.0.4.jar  
  inflating: /home/pkleczek/Applications/Fiji.app/Fiji.app/plugins/Image_5D-2.0.2.jar  
  inflating: /home/pkleczek/Applications/Fiji.app/Fiji.app/plugins/Image_Expression_Parser-3.0.1.jar  
  inflating: /home/pkleczek/Applications/Fiji.app/Fiji.app/plugins/Interactive_3D_Surface_Plot-3.0.0.jar  
  inflating: /home/pkleczek/Applications/Fiji.app/Fiji.app/plugins/IsoData_Classifier-2.0.1.jar  
  inflating: /home/pkleczek/Applications/Fiji.app/Fiji.app/plugins/JRuby/imagej.rb  
  inflating: /home/pkleczek/Applications/Fiji.app/Fiji.app/plugins/Kuwahara_Filter-2.0.1.jar  
  inflating: /home/pkleczek/Applications/Fiji.app/Fiji.app/plugins/KymographBuilder-2.1.1.jar  
  inflating: /home/pkleczek/Applications/Fiji.app/Fiji.app/plugins/LSM_Reader-4.1.2.jar  
  inflating: /home/pkleczek/Applications/Fiji.app/Fiji.app/plugins/LSM_Toolbox-4.1.2.jar  
  inflating: /home/pkleczek/Applications/Fiji.app/Fiji.app/plugins/Lasso_and_Blow_Tool-2.0.2.jar  
  inflating: /home/pkleczek/Applications/Fiji.app/Fiji.app/plugins/Linear_Kuwahara-2.0.1.jar  
  inflating: /home/pkleczek/Applications/Fiji.app/Fiji.app/plugins/LocalThickness_-4.0.2.jar  
  inflating: /home/pkleczek/Applications/Fiji.app/Fiji.app/plugins/MTrack2_-2.0.1.jar  
  inflating: /home/pkleczek/Applications/Fiji.app/Fiji.app/plugins/M_I_P-2.0.1.jar  
  inflating: /home/pkleczek/Applications/Fiji.app/Fiji.app/plugins/Macros/About_Plugin_Macros.txt  
  inflating: /home/pkleczek/Applications/Fiji.app/Fiji.app/plugins/Macros/Bulls_Eye.txt  
  inflating: /home/pkleczek/Applications/Fiji.app/Fiji.app/plugins/Macros/Polygon_.txt  
  inflating: /home/pkleczek/Applications/Fiji.app/Fiji.app/plugins/Macros/RGB_Histogram.txt  
  inflating: /home/pkleczek/Applications/Fiji.app/Fiji.app/plugins/Macros/batch_convert_any_to_tif.txt  
  inflating: /home/pkleczek/Applications/Fiji.app/Fiji.app/plugins/Manual_Tracking-2.1.1.jar  
  inflating: /home/pkleczek/Applications/Fiji.app/Fiji.app/plugins/Multi_Kymograph-3.0.1.jar  
  inflating: /home/pkleczek/Applications/Fiji.app/Fiji.app/plugins/PIV_analyser-1.1.2.jar  
  inflating: /home/pkleczek/Applications/Fiji.app/Fiji.app/plugins/QuickPALM_-1.1.2.jar  
  inflating: /home/pkleczek/Applications/Fiji.app/Fiji.app/plugins/RATS_-2.0.2.jar  
  inflating: /home/pkleczek/Applications/Fiji.app/Fiji.app/plugins/Reconstruct_Reader-2.0.4.jar  
  inflating: /home/pkleczek/Applications/Fiji.app/Fiji.app/plugins/SPIM_Opener-2.0.2.jar  
  inflating: /home/pkleczek/Applications/Fiji.app/Fiji.app/plugins/SPIM_Registration-5.0.19.jar  
  inflating: /home/pkleczek/Applications/Fiji.app/Fiji.app/plugins/Samples_-2.0.2.jar  
  inflating: /home/pkleczek/Applications/Fiji.app/Fiji.app/plugins/Scripts/File/Fix_Funny_Filenames.ijm  
  inflating: /home/pkleczek/Applications/Fiji.app/Fiji.app/plugins/Scripts/File/Make_Screencast.bsh  
  inflating: /home/pkleczek/Applications/Fiji.app/Fiji.app/plugins/Scripts/File/Open_Samples/Adelsons_Squares.ijm  
  inflating: /home/pkleczek/Applications/Fiji.app/Fiji.app/plugins/Scripts/File/Open_Samples/Comparing_Lengths.ijm  
  inflating: /home/pkleczek/Applications/Fiji.app/Fiji.app/plugins/Scripts/File/Open_Samples/Spirals_.ijm  
  inflating: /home/pkleczek/Applications/Fiji.app/Fiji.app/plugins/Scripts/File/Open_Samples/Straight_Lines.ijm  
  inflating: /home/pkleczek/Applications/Fiji.app/Fiji.app/plugins/Scripts/File/Open_Samples/Striped_Circles.ijm  
  inflating: /home/pkleczek/Applications/Fiji.app/Fiji.app/plugins/Scripts/Image/Adjust/Scale_to_DPI.js  
  inflating: /home/pkleczek/Applications/Fiji.app/Fiji.app/plugins/Scripts/Image/Color/Set_Color_By_Wavelength.ijm  
  inflating: /home/pkleczek/Applications/Fiji.app/Fiji.app/plugins/Scripts/Image/Hyperstacks/Temporal-Color_Code.ijm  
  inflating: /home/pkleczek/Applications/Fiji.app/Fiji.app/plugins/Scripts/Plugins/AutoRun/Check_Required_Update_Sites.js  
  inflating: /home/pkleczek/Applications/Fiji.app/Fiji.app/plugins/Scripts/Plugins/Utilities/Create_Desktop_Icon.bsh  
  inflating: /home/pkleczek/Applications/Fiji.app/Fiji.app/plugins/Scripts/Plugins/Utilities/Find_Jar_For_Class.bsh  
  inflating: /home/pkleczek/Applications/Fiji.app/Fiji.app/plugins/Scripts/Plugins/Utilities/Record_Desktop.py  
  inflating: /home/pkleczek/Applications/Fiji.app/Fiji.app/plugins/Scripts/Plugins/Utilities/Record_Window.py  
  inflating: /home/pkleczek/Applications/Fiji.app/Fiji.app/plugins/Series_Labeler-2.0.1.jar  
  inflating: /home/pkleczek/Applications/Fiji.app/Fiji.app/plugins/Sholl_Analysis-3.7.4.jar  
  inflating: /home/pkleczek/Applications/Fiji.app/Fiji.app/plugins/Simple_Neurite_Tracer-3.1.6.jar  
  inflating: /home/pkleczek/Applications/Fiji.app/Fiji.app/plugins/Siox_Segmentation-1.0.5.jar  
  inflating: /home/pkleczek/Applications/Fiji.app/Fiji.app/plugins/Skeletonize3D_-2.1.1.jar  
  inflating: /home/pkleczek/Applications/Fiji.app/Fiji.app/plugins/SplineDeformationGenerator_-2.0.2.jar  
  inflating: /home/pkleczek/Applications/Fiji.app/Fiji.app/plugins/Stack_Manipulation-2.1.1.jar  
  inflating: /home/pkleczek/Applications/Fiji.app/Fiji.app/plugins/Statistical_Region_Merging-2.0.1.jar  
  inflating: /home/pkleczek/Applications/Fiji.app/Fiji.app/plugins/Stitching_-3.1.6.jar  
  inflating: /home/pkleczek/Applications/Fiji.app/Fiji.app/plugins/Sync_Win-1.7-fiji4.jar  
  inflating: /home/pkleczek/Applications/Fiji.app/Fiji.app/plugins/Thread_Killer-2.0.1.jar  
  inflating: /home/pkleczek/Applications/Fiji.app/Fiji.app/plugins/Time_Lapse-2.1.0.jar  
  inflating: /home/pkleczek/Applications/Fiji.app/Fiji.app/plugins/Time_Stamper-2.1.0.jar  
  inflating: /home/pkleczek/Applications/Fiji.app/Fiji.app/plugins/ToAST_-25.0.2.jar  
  inflating: /home/pkleczek/Applications/Fiji.app/Fiji.app/plugins/TopoJ_-2.0.1.jar  
  inflating: /home/pkleczek/Applications/Fiji.app/Fiji.app/plugins/TrackMate_-3.8.0.jar  
  inflating: /home/pkleczek/Applications/Fiji.app/Fiji.app/plugins/Trainable_Segmentation-3.2.29.jar  
  inflating: /home/pkleczek/Applications/Fiji.app/Fiji.app/plugins/TrakEM2_-1.3.2.jar  
  inflating: /home/pkleczek/Applications/Fiji.app/Fiji.app/plugins/TrakEM2_Archipelago-2.0.3.jar  
  inflating: /home/pkleczek/Applications/Fiji.app/Fiji.app/plugins/Utilities/Close_All_Without_Saving.txt  
  inflating: /home/pkleczek/Applications/Fiji.app/Fiji.app/plugins/VIB_-3.0.2.jar  
  inflating: /home/pkleczek/Applications/Fiji.app/Fiji.app/plugins/Vaa3d_Reader-2.0.2.jar  
  inflating: /home/pkleczek/Applications/Fiji.app/Fiji.app/plugins/Vaa3d_Writer-1.0.2.jar  
  inflating: /home/pkleczek/Applications/Fiji.app/Fiji.app/plugins/Video_Editing-2.0.1.jar  
  inflating: /home/pkleczek/Applications/Fiji.app/Fiji.app/plugins/View5D_-1.3.2.jar  
  inflating: /home/pkleczek/Applications/Fiji.app/Fiji.app/plugins/Volume_Calculator-2.0.2.jar  
  inflating: /home/pkleczek/Applications/Fiji.app/Fiji.app/plugins/Volume_Viewer-2.01.2.jar  
  inflating: /home/pkleczek/Applications/Fiji.app/Fiji.app/plugins/bUnwarpJ_-2.6.9.jar  
  inflating: /home/pkleczek/Applications/Fiji.app/Fiji.app/plugins/bigdataviewer_fiji-5.0.0.jar  
  inflating: /home/pkleczek/Applications/Fiji.app/Fiji.app/plugins/bigwarp_fiji-3.1.2.jar  
  inflating: /home/pkleczek/Applications/Fiji.app/Fiji.app/plugins/bio-formats_plugins-5.9.2.jar  
  inflating: /home/pkleczek/Applications/Fiji.app/Fiji.app/plugins/blockmatching_-2.1.3.jar  
  inflating: /home/pkleczek/Applications/Fiji.app/Fiji.app/plugins/level_sets-1.0.2.jar  
  inflating: /home/pkleczek/Applications/Fiji.app/Fiji.app/plugins/mpicbg_-1.2.0.jar  
  inflating: /home/pkleczek/Applications/Fiji.app/Fiji.app/plugins/panorama_-3.0.2.jar  
  inflating: /home/pkleczek/Applications/Fiji.app/Fiji.app/plugins/readme.txt  
  inflating: /home/pkleczek/Applications/Fiji.app/Fiji.app/plugins/register_virtual_stack_slices-3.0.5.jar  
  inflating: /home/pkleczek/Applications/Fiji.app/Fiji.app/plugins/registration_3d-2.0.1.jar  
  inflating: /home/pkleczek/Applications/Fiji.app/Fiji.app/plugins/trakem2_tps-1.1.4.jar  
  inflating: /home/pkleczek/Applications/Fiji.app/Fiji.app/plugins/z_spacing-1.1.1.jar  
  inflating: /home/pkleczek/Applications/Fiji.app/Fiji.app/jars/JWlz-1.4.0.jar  
  inflating: /home/pkleczek/Applications/Fiji.app/Fiji.app/jars/OMEVisual-1.1.2.jar  
  inflating: /home/pkleczek/Applications/Fiji.app/Fiji.app/jars/T2-NIT-1.1.2.jar  
  inflating: /home/pkleczek/Applications/Fiji.app/Fiji.app/jars/T2-TreelineGraph-1.1.2.jar  
  inflating: /home/pkleczek/Applications/Fiji.app/Fiji.app/jars/VIB-lib-2.2.0.jar  
  inflating: /home/pkleczek/Applications/Fiji.app/Fiji.app/jars/VectorString-2.0.2.jar  
  inflating: /home/pkleczek/Applications/Fiji.app/Fiji.app/jars/ahocorasick-0.2.4.jar  
  inflating: /home/pkleczek/Applications/Fiji.app/Fiji.app/jars/args4j-2.0.25.jar  
  inflating: /home/pkleczek/Applications/Fiji.app/Fiji.app/jars/asm-5.0.4.jar  
  inflating: /home/pkleczek/Applications/Fiji.app/Fiji.app/jars/asm-analysis-4.0.jar  
  inflating: /home/pkleczek/Applications/Fiji.app/Fiji.app/jars/asm-commons-5.0.4.jar  
  inflating: /home/pkleczek/Applications/Fiji.app/Fiji.app/jars/asm-tree-5.0.4.jar  
  inflating: /home/pkleczek/Applications/Fiji.app/Fiji.app/jars/asm-util-5.0.4.jar  
  inflating: /home/pkleczek/Applications/Fiji.app/Fiji.app/jars/autocomplete-2.6.1.jar  
  inflating: /home/pkleczek/Applications/Fiji.app/Fiji.app/jars/base64-2.3.8.jar  
  inflating: /home/pkleczek/Applications/Fiji.app/Fiji.app/jars/batch-processor-0.3.0.jar  
  inflating: /home/pkleczek/Applications/Fiji.app/Fiji.app/jars/batik-anim-1.10.jar  
  inflating: /home/pkleczek/Applications/Fiji.app/Fiji.app/jars/batik-awt-util-1.10.jar  
  inflating: /home/pkleczek/Applications/Fiji.app/Fiji.app/jars/batik-bridge-1.10.jar  
  inflating: /home/pkleczek/Applications/Fiji.app/Fiji.app/jars/batik-constants-1.10.jar  
  inflating: /home/pkleczek/Applications/Fiji.app/Fiji.app/jars/batik-css-1.10.jar  
  inflating: /home/pkleczek/Applications/Fiji.app/Fiji.app/jars/batik-dom-1.10.jar  
  inflating: /home/pkleczek/Applications/Fiji.app/Fiji.app/jars/batik-ext-1.10.jar  
  inflating: /home/pkleczek/Applications/Fiji.app/Fiji.app/jars/batik-gvt-1.10.jar  
  inflating: /home/pkleczek/Applications/Fiji.app/Fiji.app/jars/batik-i18n-1.10.jar  
  inflating: /home/pkleczek/Applications/Fiji.app/Fiji.app/jars/batik-parser-1.10.jar  
  inflating: /home/pkleczek/Applications/Fiji.app/Fiji.app/jars/batik-script-1.10.jar  
  inflating: /home/pkleczek/Applications/Fiji.app/Fiji.app/jars/batik-svg-dom-1.10.jar  
  inflating: /home/pkleczek/Applications/Fiji.app/Fiji.app/jars/batik-svggen-1.10.jar  
  inflating: /home/pkleczek/Applications/Fiji.app/Fiji.app/jars/batik-util-1.10.jar  
  inflating: /home/pkleczek/Applications/Fiji.app/Fiji.app/jars/batik-xml-1.10.jar  
  inflating: /home/pkleczek/Applications/Fiji.app/Fiji.app/jars/bigdataviewer-core-5.1.0.jar  
  inflating: /home/pkleczek/Applications/Fiji.app/Fiji.app/jars/bigdataviewer-vistools-1.0.0-beta-11.jar  
  inflating: /home/pkleczek/Applications/Fiji.app/Fiji.app/jars/bio-formats/formats-api-5.9.2.jar  
  inflating: /home/pkleczek/Applications/Fiji.app/Fiji.app/jars/bio-formats/formats-bsd-5.9.2.jar  
  inflating: /home/pkleczek/Applications/Fiji.app/Fiji.app/jars/bio-formats/formats-gpl-5.9.2.jar  
  inflating: /home/pkleczek/Applications/Fiji.app/Fiji.app/jars/bio-formats/jai_imageio-5.1.10.jar  
  inflating: /home/pkleczek/Applications/Fiji.app/Fiji.app/jars/bio-formats/jxrlib-all-0.2.1.jar  
  inflating: /home/pkleczek/Applications/Fiji.app/Fiji.app/jars/bio-formats/metakit-5.3.2.jar  
  inflating: /home/pkleczek/Applications/Fiji.app/Fiji.app/jars/bio-formats/ome-codecs-0.2.2.jar  
  inflating: /home/pkleczek/Applications/Fiji.app/Fiji.app/jars/bio-formats/ome-common-5.3.7.jar  
  inflating: /home/pkleczek/Applications/Fiji.app/Fiji.app/jars/bio-formats/ome-jai-0.1.0.jar  
  inflating: /home/pkleczek/Applications/Fiji.app/Fiji.app/jars/bio-formats/ome-mdbtools-5.3.2.jar  
  inflating: /home/pkleczek/Applications/Fiji.app/Fiji.app/jars/bio-formats/ome-poi-5.3.3.jar  
  inflating: /home/pkleczek/Applications/Fiji.app/Fiji.app/jars/bio-formats/ome-xml-5.6.4.jar  
  inflating: /home/pkleczek/Applications/Fiji.app/Fiji.app/jars/bio-formats/specification-5.6.3.jar  
  inflating: /home/pkleczek/Applications/Fiji.app/Fiji.app/jars/bio-formats/turbojpeg-5.9.2.jar  
  inflating: /home/pkleczek/Applications/Fiji.app/Fiji.app/jars/blas-0.8.jar  
  inflating: /home/pkleczek/Applications/Fiji.app/Fiji.app/jars/bounce-0.18.jar  
  inflating: /home/pkleczek/Applications/Fiji.app/Fiji.app/jars/bsh-2.0b6.jar  
  inflating: /home/pkleczek/Applications/Fiji.app/Fiji.app/jars/bytelist-1.0.15.jar  
  inflating: /home/pkleczek/Applications/Fiji.app/Fiji.app/jars/caffeine-2.4.0.jar  
  inflating: /home/pkleczek/Applications/Fiji.app/Fiji.app/jars/clojure-1.8.0.jar  
  inflating: /home/pkleczek/Applications/Fiji.app/Fiji.app/jars/codemodel-2.6.jar  
  inflating: /home/pkleczek/Applications/Fiji.app/Fiji.app/jars/collections-generic-4.01.jar  
  inflating: /home/pkleczek/Applications/Fiji.app/Fiji.app/jars/commons-beanutils-1.9.3.jar  
  inflating: /home/pkleczek/Applications/Fiji.app/Fiji.app/jars/commons-codec-1.11.jar  
  inflating: /home/pkleczek/Applications/Fiji.app/Fiji.app/jars/commons-collections-3.2.2.jar  
  inflating: /home/pkleczek/Applications/Fiji.app/Fiji.app/jars/commons-compress-1.4.1.jar  
  inflating: /home/pkleczek/Applications/Fiji.app/Fiji.app/jars/commons-io-2.6.jar  
  inflating: /home/pkleczek/Applications/Fiji.app/Fiji.app/jars/commons-lang-2.6.jar  
  inflating: /home/pkleczek/Applications/Fiji.app/Fiji.app/jars/commons-lang3-3.8.1.jar  
  inflating: /home/pkleczek/Applications/Fiji.app/Fiji.app/jars/commons-logging-1.2.jar  
  inflating: /home/pkleczek/Applications/Fiji.app/Fiji.app/jars/commons-math-2.2.jar  
  inflating: /home/pkleczek/Applications/Fiji.app/Fiji.app/jars/commons-math3-3.6.1.jar  
  inflating: /home/pkleczek/Applications/Fiji.app/Fiji.app/jars/commons-vfs2-2.0.jar  
  inflating: /home/pkleczek/Applications/Fiji.app/Fiji.app/jars/datasets-0.8.1906.jar  
  inflating: /home/pkleczek/Applications/Fiji.app/Fiji.app/jars/dirgra-0.3.jar  
  inflating: /home/pkleczek/Applications/Fiji.app/Fiji.app/jars/ejml-0.24.jar  
  inflating: /home/pkleczek/Applications/Fiji.app/Fiji.app/jars/eventbus-1.4.jar  
  inflating: /home/pkleczek/Applications/Fiji.app/Fiji.app/jars/f2jutil-0.8.jar  
  inflating: /home/pkleczek/Applications/Fiji.app/Fiji.app/jars/ffmpeg-2.6.1-0.11.jar  
  inflating: /home/pkleczek/Applications/Fiji.app/Fiji.app/jars/fiji-2.0.0-pre-8.jar  
  inflating: /home/pkleczek/Applications/Fiji.app/Fiji.app/jars/fiji-compat-2.0.3.jar  
  inflating: /home/pkleczek/Applications/Fiji.app/Fiji.app/jars/fiji-lib-2.1.2.jar  
  inflating: /home/pkleczek/Applications/Fiji.app/Fiji.app/jars/filters-2.0.235.jar  
  inflating: /home/pkleczek/Applications/Fiji.app/Fiji.app/jars/gcc-runtime-0.8.1906.jar  
  inflating: /home/pkleczek/Applications/Fiji.app/Fiji.app/jars/gentyref-1.1.0.jar  
  inflating: /home/pkleczek/Applications/Fiji.app/Fiji.app/jars/gluegen-rt-2.3.2.jar  
  inflating: /home/pkleczek/Applications/Fiji.app/Fiji.app/jars/gluegen-rt-main-2.3.2.jar  
  inflating: /home/pkleczek/Applications/Fiji.app/Fiji.app/jars/gpars-1.2.1.jar  
  inflating: /home/pkleczek/Applications/Fiji.app/Fiji.app/jars/grDevices-0.8.1906.jar  
  inflating: /home/pkleczek/Applications/Fiji.app/Fiji.app/jars/graphics-0.8.1906.jar  
  inflating: /home/pkleczek/Applications/Fiji.app/Fiji.app/jars/groovy-2.4.8.jar  
  inflating: /home/pkleczek/Applications/Fiji.app/Fiji.app/jars/groovy-json-2.4.8.jar  
  inflating: /home/pkleczek/Applications/Fiji.app/Fiji.app/jars/groovy-templates-2.4.8.jar  
  inflating: /home/pkleczek/Applications/Fiji.app/Fiji.app/jars/groovy-xml-2.4.8.jar  
  inflating: /home/pkleczek/Applications/Fiji.app/Fiji.app/jars/gson-2.8.5.jar  
  inflating: /home/pkleczek/Applications/Fiji.app/Fiji.app/jars/guava-21.0.jar  
  inflating: /home/pkleczek/Applications/Fiji.app/Fiji.app/jars/ij-1.52i.jar  
  inflating: /home/pkleczek/Applications/Fiji.app/Fiji.app/jars/ij1-patcher-0.12.9.jar  
  inflating: /home/pkleczek/Applications/Fiji.app/Fiji.app/jars/image4j-0.7.jar  
  inflating: /home/pkleczek/Applications/Fiji.app/Fiji.app/jars/imagej-2.0.0-rc-69.jar  
  inflating: /home/pkleczek/Applications/Fiji.app/Fiji.app/jars/imagej-common-0.28.0.jar  
  inflating: /home/pkleczek/Applications/Fiji.app/Fiji.app/jars/imagej-deprecated-0.1.2.jar  
  inflating: /home/pkleczek/Applications/Fiji.app/Fiji.app/jars/imagej-launcher-4.0.5.jar  
  inflating: /home/pkleczek/Applications/Fiji.app/Fiji.app/jars/imagej-legacy-0.34.0.jar  
  inflating: /home/pkleczek/Applications/Fiji.app/Fiji.app/jars/imagej-mesh-0.7.1.jar  
  inflating: /home/pkleczek/Applications/Fiji.app/Fiji.app/jars/imagej-notebook-0.3.0.jar  
  inflating: /home/pkleczek/Applications/Fiji.app/Fiji.app/jars/imagej-ops-0.43.1.jar  
  inflating: /home/pkleczek/Applications/Fiji.app/Fiji.app/jars/imagej-plugins-batch-0.1.1.jar  
  inflating: /home/pkleczek/Applications/Fiji.app/Fiji.app/jars/imagej-plugins-commands-0.8.1.jar  
  inflating: /home/pkleczek/Applications/Fiji.app/Fiji.app/jars/imagej-plugins-tools-0.3.1.jar  
  inflating: /home/pkleczek/Applications/Fiji.app/Fiji.app/jars/imagej-plugins-uploader-ssh-0.3.2.jar  
  inflating: /home/pkleczek/Applications/Fiji.app/Fiji.app/jars/imagej-plugins-uploader-webdav-0.2.2.jar  
  inflating: /home/pkleczek/Applications/Fiji.app/Fiji.app/jars/imagej-scripting-0.8.2.jar  
  inflating: /home/pkleczek/Applications/Fiji.app/Fiji.app/jars/imagej-ui-awt-0.3.1.jar  
  inflating: /home/pkleczek/Applications/Fiji.app/Fiji.app/jars/imagej-ui-swing-0.22.0.jar  
  inflating: /home/pkleczek/Applications/Fiji.app/Fiji.app/jars/imagej-updater-0.9.3.jar  
  inflating: /home/pkleczek/Applications/Fiji.app/Fiji.app/jars/imglib2-5.6.3.jar  
  inflating: /home/pkleczek/Applications/Fiji.app/Fiji.app/jars/imglib2-algorithm-0.11.1.jar  
  inflating: /home/pkleczek/Applications/Fiji.app/Fiji.app/jars/imglib2-algorithm-fft-0.2.0.jar  
  inflating: /home/pkleczek/Applications/Fiji.app/Fiji.app/jars/imglib2-algorithm-gpl-0.2.3.jar  
  inflating: /home/pkleczek/Applications/Fiji.app/Fiji.app/jars/imglib2-cache-1.0.0-beta-11.jar  
  inflating: /home/pkleczek/Applications/Fiji.app/Fiji.app/jars/imglib2-ij-2.0.0-beta-44.jar  
  inflating: /home/pkleczek/Applications/Fiji.app/Fiji.app/jars/imglib2-realtransform-2.1.0.jar  
  inflating: /home/pkleczek/Applications/Fiji.app/Fiji.app/jars/imglib2-roi-0.7.0.jar  
  inflating: /home/pkleczek/Applications/Fiji.app/Fiji.app/jars/imglib2-ui-2.0.0.jar  
  inflating: /home/pkleczek/Applications/Fiji.app/Fiji.app/jars/invokebinder-1.10.jar  
  inflating: /home/pkleczek/Applications/Fiji.app/Fiji.app/jars/itextpdf-5.5.13.jar  
  inflating: /home/pkleczek/Applications/Fiji.app/Fiji.app/jars/ivy-2.4.0.jar  
  inflating: /home/pkleczek/Applications/Fiji.app/Fiji.app/jars/j3dcore-1.6.0-scijava-2.jar  
  inflating: /home/pkleczek/Applications/Fiji.app/Fiji.app/jars/j3dutils-1.6.0-scijava-2.jar  
  inflating: /home/pkleczek/Applications/Fiji.app/Fiji.app/jars/jai-codec-1.1.3.jar  
  inflating: /home/pkleczek/Applications/Fiji.app/Fiji.app/jars/jai-core-1.1.3.jar  
  inflating: /home/pkleczek/Applications/Fiji.app/Fiji.app/jars/jama-1.0.3.jar  
  inflating: /home/pkleczek/Applications/Fiji.app/Fiji.app/jars/javacpp-0.11.jar  
  inflating: /home/pkleczek/Applications/Fiji.app/Fiji.app/jars/javassist-3.24.0-GA.jar  
  inflating: /home/pkleczek/Applications/Fiji.app/Fiji.app/jars/jcodings-1.0.27.jar  
  inflating: /home/pkleczek/Applications/Fiji.app/Fiji.app/jars/jcommander-1.48.jar  
  inflating: /home/pkleczek/Applications/Fiji.app/Fiji.app/jars/jcommon-1.0.24.jar  
  inflating: /home/pkleczek/Applications/Fiji.app/Fiji.app/jars/jdatepicker-1.3.2.jar  
  inflating: /home/pkleczek/Applications/Fiji.app/Fiji.app/jars/jdom2-2.0.6.jar  
  inflating: /home/pkleczek/Applications/Fiji.app/Fiji.app/jars/jep-2.4.2.jar  
  inflating: /home/pkleczek/Applications/Fiji.app/Fiji.app/jars/jffi-1.2.16-native.jar  
  inflating: /home/pkleczek/Applications/Fiji.app/Fiji.app/jars/jffi-1.2.16.jar  
  inflating: /home/pkleczek/Applications/Fiji.app/Fiji.app/jars/jfreechart-1.5.0.jar  
  inflating: /home/pkleczek/Applications/Fiji.app/Fiji.app/jars/jgoodies-common-1.7.0.jar  
  inflating: /home/pkleczek/Applications/Fiji.app/Fiji.app/jars/jgoodies-forms-1.7.2.jar  
  inflating: /home/pkleczek/Applications/Fiji.app/Fiji.app/jars/jgrapht-0.8.3.jar  
  inflating: /home/pkleczek/Applications/Fiji.app/Fiji.app/jars/jgraphx-3.4.1.3.jar  
  inflating: /home/pkleczek/Applications/Fiji.app/Fiji.app/jars/jhdf5-14.12.6.jar  
  inflating: /home/pkleczek/Applications/Fiji.app/Fiji.app/jars/jhotdraw-7.6.0.jar  
  inflating: /home/pkleczek/Applications/Fiji.app/Fiji.app/jars/jitk-tps-3.0.0.jar  
  inflating: /home/pkleczek/Applications/Fiji.app/Fiji.app/jars/jna-4.5.2.jar  
  inflating: /home/pkleczek/Applications/Fiji.app/Fiji.app/jars/jnr-constants-0.9.9.jar  
  inflating: /home/pkleczek/Applications/Fiji.app/Fiji.app/jars/jnr-enxio-0.16.jar  
  inflating: /home/pkleczek/Applications/Fiji.app/Fiji.app/jars/jnr-ffi-1.0.7.jar  
  inflating: /home/pkleczek/Applications/Fiji.app/Fiji.app/jars/jnr-netdb-1.1.6.jar  
  inflating: /home/pkleczek/Applications/Fiji.app/Fiji.app/jars/jnr-posix-3.0.44.jar  
  inflating: /home/pkleczek/Applications/Fiji.app/Fiji.app/jars/jnr-unixsocket-0.17.jar  
  inflating: /home/pkleczek/Applications/Fiji.app/Fiji.app/jars/jnr-x86asm-1.0.2.jar  
  inflating: /home/pkleczek/Applications/Fiji.app/Fiji.app/jars/joal-2.3.2.jar  
  inflating: /home/pkleczek/Applications/Fiji.app/Fiji.app/jars/joal-main-2.3.2.jar  
  inflating: /home/pkleczek/Applications/Fiji.app/Fiji.app/jars/jocl-2.3.2.jar  
  inflating: /home/pkleczek/Applications/Fiji.app/Fiji.app/jars/jocl-main-2.3.2.jar  
  inflating: /home/pkleczek/Applications/Fiji.app/Fiji.app/jars/joda-time-2.10.1.jar  
  inflating: /home/pkleczek/Applications/Fiji.app/Fiji.app/jars/jogl-all-2.3.2.jar  
  inflating: /home/pkleczek/Applications/Fiji.app/Fiji.app/jars/jogl-all-main-2.3.2.jar  
  inflating: /home/pkleczek/Applications/Fiji.app/Fiji.app/jars/joml-1.9.12.jar  
  inflating: /home/pkleczek/Applications/Fiji.app/Fiji.app/jars/joni-2.1.15.jar  
  inflating: /home/pkleczek/Applications/Fiji.app/Fiji.app/jars/jpedalSTD-2.80b11.jar  
  inflating: /home/pkleczek/Applications/Fiji.app/Fiji.app/jars/jruby-core-9.1.17.0.jar  
  inflating: /home/pkleczek/Applications/Fiji.app/Fiji.app/jars/jruby-stdlib-9.1.17.0.jar  
  inflating: /home/pkleczek/Applications/Fiji.app/Fiji.app/jars/jsch-0.1.55.jar  
  inflating: /home/pkleczek/Applications/Fiji.app/Fiji.app/jars/json-20090211.jar  
  inflating: /home/pkleczek/Applications/Fiji.app/Fiji.app/jars/jsoup-1.7.2.jar  
  inflating: /home/pkleczek/Applications/Fiji.app/Fiji.app/jars/jsr166y-1.7.0.jar  
  inflating: /home/pkleczek/Applications/Fiji.app/Fiji.app/jars/jtransforms-2.4.jar  
  inflating: /home/pkleczek/Applications/Fiji.app/Fiji.app/jars/jung-api-2.0.1.jar  
  inflating: /home/pkleczek/Applications/Fiji.app/Fiji.app/jars/jung-graph-impl-2.0.1.jar  
  inflating: /home/pkleczek/Applications/Fiji.app/Fiji.app/jars/jython-shaded-2.7.1.jar  
  inflating: /home/pkleczek/Applications/Fiji.app/Fiji.app/jars/jzlib-1.1.3.jar  
  inflating: /home/pkleczek/Applications/Fiji.app/Fiji.app/jars/kryo-2.24.0.jar  
  inflating: /home/pkleczek/Applications/Fiji.app/Fiji.app/jars/languagesupport-2.6.0.jar  
  inflating: /home/pkleczek/Applications/Fiji.app/Fiji.app/jars/lapack-0.8.jar  
  inflating: /home/pkleczek/Applications/Fiji.app/Fiji.app/jars/legacy-imglib1-1.1.9.jar  
  inflating: /home/pkleczek/Applications/Fiji.app/Fiji.app/jars/linux64/ffmpeg-2.6.1-0.11-linux-x86_64.jar  
  inflating: /home/pkleczek/Applications/Fiji.app/Fiji.app/jars/linux64/gluegen-rt-2.3.2-natives-linux-amd64.jar  
  inflating: /home/pkleczek/Applications/Fiji.app/Fiji.app/jars/linux64/joal-2.3.2-natives-linux-amd64.jar  
  inflating: /home/pkleczek/Applications/Fiji.app/Fiji.app/jars/linux64/jocl-2.3.2-natives-linux-amd64.jar  
  inflating: /home/pkleczek/Applications/Fiji.app/Fiji.app/jars/linux64/jogl-all-2.3.2-natives-linux-amd64.jar  
  inflating: /home/pkleczek/Applications/Fiji.app/Fiji.app/jars/log4j-1.2.17.jar  
  inflating: /home/pkleczek/Applications/Fiji.app/Fiji.app/jars/logback-classic-1.2.3.jar  
  inflating: /home/pkleczek/Applications/Fiji.app/Fiji.app/jars/logback-core-1.2.3.jar  
  inflating: /home/pkleczek/Applications/Fiji.app/Fiji.app/jars/mapdb-1.0.3.jar  
  inflating: /home/pkleczek/Applications/Fiji.app/Fiji.app/jars/markdownj-0.3.0-1.0.2b4.jar  
  inflating: /home/pkleczek/Applications/Fiji.app/Fiji.app/jars/maven-scm-api-1.4.jar  
  inflating: /home/pkleczek/Applications/Fiji.app/Fiji.app/jars/maven-scm-provider-svn-commons-1.4.jar  
  inflating: /home/pkleczek/Applications/Fiji.app/Fiji.app/jars/maven-scm-provider-svnexe-1.4.jar  
  inflating: /home/pkleczek/Applications/Fiji.app/Fiji.app/jars/metadata-extractor-2.6.2.jar  
  inflating: /home/pkleczek/Applications/Fiji.app/Fiji.app/jars/methods-0.8.1906.jar  
  inflating: /home/pkleczek/Applications/Fiji.app/Fiji.app/jars/miglayout-3.7.4-swing.jar  
  inflating: /home/pkleczek/Applications/Fiji.app/Fiji.app/jars/mines-jtk-20151125.jar  
  inflating: /home/pkleczek/Applications/Fiji.app/Fiji.app/jars/minimaven-2.2.1.jar  
  inflating: /home/pkleczek/Applications/Fiji.app/Fiji.app/jars/minlog-1.2.jar  
  inflating: /home/pkleczek/Applications/Fiji.app/Fiji.app/jars/modulator-1.0.jar  
  inflating: /home/pkleczek/Applications/Fiji.app/Fiji.app/jars/mpicbg-1.2.0.jar  
  inflating: /home/pkleczek/Applications/Fiji.app/Fiji.app/jars/mtj-1.0.4.jar  
  inflating: /home/pkleczek/Applications/Fiji.app/Fiji.app/jars/multiverse-core-0.7.0.jar  
  inflating: /home/pkleczek/Applications/Fiji.app/Fiji.app/jars/nailgun-server-0.9.1.jar  
  inflating: /home/pkleczek/Applications/Fiji.app/Fiji.app/jars/native-lib-loader-2.3.2.jar  
  inflating: /home/pkleczek/Applications/Fiji.app/Fiji.app/jars/netcdf-4.3.22.jar  
  inflating: /home/pkleczek/Applications/Fiji.app/Fiji.app/jars/netlib-java-0.9.3-renjin-patched-2.jar  
  inflating: /home/pkleczek/Applications/Fiji.app/Fiji.app/jars/object-inspector-0.1.jar  
  inflating: /home/pkleczek/Applications/Fiji.app/Fiji.app/jars/objenesis-2.1.jar  
  inflating: /home/pkleczek/Applications/Fiji.app/Fiji.app/jars/ojalgo-45.1.1.jar  
  inflating: /home/pkleczek/Applications/Fiji.app/Fiji.app/jars/op-finder-0.1.3.jar  
  inflating: /home/pkleczek/Applications/Fiji.app/Fiji.app/jars/opencsv-3.9.jar  
  inflating: /home/pkleczek/Applications/Fiji.app/Fiji.app/jars/options-1.4.jar  
  inflating: /home/pkleczek/Applications/Fiji.app/Fiji.app/jars/pal-optimization-2.0.1.jar  
  inflating: /home/pkleczek/Applications/Fiji.app/Fiji.app/jars/parsington-1.0.4.jar  
  inflating: /home/pkleczek/Applications/Fiji.app/Fiji.app/jars/perf4j-0.9.13.jar  
  inflating: /home/pkleczek/Applications/Fiji.app/Fiji.app/jars/plexus-utils-1.5.6.jar  
  inflating: /home/pkleczek/Applications/Fiji.app/Fiji.app/jars/postgresql-9.1-901-1.jdbc4.jar  
  inflating: /home/pkleczek/Applications/Fiji.app/Fiji.app/jars/prettytime-4.0.1.Final.jar  
  inflating: /home/pkleczek/Applications/Fiji.app/Fiji.app/jars/regexp-1.3.jar  
  inflating: /home/pkleczek/Applications/Fiji.app/Fiji.app/jars/renjin-appl-0.8.1906.jar  
  inflating: /home/pkleczek/Applications/Fiji.app/Fiji.app/jars/renjin-core-0.8.1906.jar  
  inflating: /home/pkleczek/Applications/Fiji.app/Fiji.app/jars/renjin-gnur-runtime-0.8.1906.jar  
  inflating: /home/pkleczek/Applications/Fiji.app/Fiji.app/jars/renjin-script-engine-0.8.1906.jar  
  inflating: /home/pkleczek/Applications/Fiji.app/Fiji.app/jars/rhino-1.7.6.jar  
  inflating: /home/pkleczek/Applications/Fiji.app/Fiji.app/jars/rsyntaxtextarea-2.6.1.jar  
  inflating: /home/pkleczek/Applications/Fiji.app/Fiji.app/jars/scala-compiler-2.12.1.jar  
  inflating: /home/pkleczek/Applications/Fiji.app/Fiji.app/jars/scala-library-2.12.1.jar  
  inflating: /home/pkleczek/Applications/Fiji.app/Fiji.app/jars/scala-reflect-2.12.1.jar  
  inflating: /home/pkleczek/Applications/Fiji.app/Fiji.app/jars/scala-xml_2.12-1.0.6.jar  
  inflating: /home/pkleczek/Applications/Fiji.app/Fiji.app/jars/scifio-0.37.3.jar  
  inflating: /home/pkleczek/Applications/Fiji.app/Fiji.app/jars/scifio-bf-compat-3.0.0.jar  
  inflating: /home/pkleczek/Applications/Fiji.app/Fiji.app/jars/scifio-cli-0.5.0.jar  
  inflating: /home/pkleczek/Applications/Fiji.app/Fiji.app/jars/scifio-hdf5-0.1.3.jar  
  inflating: /home/pkleczek/Applications/Fiji.app/Fiji.app/jars/scifio-jai-imageio-1.1.1.jar  
  inflating: /home/pkleczek/Applications/Fiji.app/Fiji.app/jars/scifio-lifesci-0.8.0.jar  
  inflating: /home/pkleczek/Applications/Fiji.app/Fiji.app/jars/scifio-ome-xml-0.15.0.jar  
  inflating: /home/pkleczek/Applications/Fiji.app/Fiji.app/jars/scijava-common-2.76.1.jar  
  inflating: /home/pkleczek/Applications/Fiji.app/Fiji.app/jars/scijava-config-2.0.2.jar  
  inflating: /home/pkleczek/Applications/Fiji.app/Fiji.app/jars/scijava-plugins-commands-0.2.3.jar  
  inflating: /home/pkleczek/Applications/Fiji.app/Fiji.app/jars/scijava-plugins-platforms-0.3.1.jar  
  inflating: /home/pkleczek/Applications/Fiji.app/Fiji.app/jars/scijava-plugins-text-markdown-0.1.3.jar  
  inflating: /home/pkleczek/Applications/Fiji.app/Fiji.app/jars/scijava-plugins-text-plain-0.1.3.jar  
  inflating: /home/pkleczek/Applications/Fiji.app/Fiji.app/jars/scijava-search-0.5.0.jar  
  inflating: /home/pkleczek/Applications/Fiji.app/Fiji.app/jars/scijava-table-0.2.0.jar  
  inflating: /home/pkleczek/Applications/Fiji.app/Fiji.app/jars/scijava-ui-awt-0.1.6.jar  
  inflating: /home/pkleczek/Applications/Fiji.app/Fiji.app/jars/scijava-ui-swing-0.12.0.jar  
  inflating: /home/pkleczek/Applications/Fiji.app/Fiji.app/jars/script-editor-0.4.0.jar  
  inflating: /home/pkleczek/Applications/Fiji.app/Fiji.app/jars/scripting-beanshell-0.3.3.jar  
  inflating: /home/pkleczek/Applications/Fiji.app/Fiji.app/jars/scripting-clojure-0.1.6.jar  
  inflating: /home/pkleczek/Applications/Fiji.app/Fiji.app/jars/scripting-groovy-0.2.7.jar  
  inflating: /home/pkleczek/Applications/Fiji.app/Fiji.app/jars/scripting-java-0.4.1.jar  
  inflating: /home/pkleczek/Applications/Fiji.app/Fiji.app/jars/scripting-javascript-0.4.4.jar  
  inflating: /home/pkleczek/Applications/Fiji.app/Fiji.app/jars/scripting-jruby-0.3.0.jar  
  inflating: /home/pkleczek/Applications/Fiji.app/Fiji.app/jars/scripting-jython-0.4.2.jar  
  inflating: /home/pkleczek/Applications/Fiji.app/Fiji.app/jars/scripting-renjin-0.2.2.jar  
  inflating: /home/pkleczek/Applications/Fiji.app/Fiji.app/jars/scripting-scala-0.2.1.jar  
  inflating: /home/pkleczek/Applications/Fiji.app/Fiji.app/jars/slf4j-api-1.7.25.jar  
  inflating: /home/pkleczek/Applications/Fiji.app/Fiji.app/jars/snakeyaml-1.23.jar  
  inflating: /home/pkleczek/Applications/Fiji.app/Fiji.app/jars/spim_data-2.2.2.jar  
  inflating: /home/pkleczek/Applications/Fiji.app/Fiji.app/jars/stats-0.8.1906.jar  
  inflating: /home/pkleczek/Applications/Fiji.app/Fiji.app/jars/swing-checkbox-tree-1.0.2.jar  
  inflating: /home/pkleczek/Applications/Fiji.app/Fiji.app/jars/swing-worker-1.1.jar  
  inflating: /home/pkleczek/Applications/Fiji.app/Fiji.app/jars/swingx-1.6.1.jar  
  inflating: /home/pkleczek/Applications/Fiji.app/Fiji.app/jars/trakem2-transform-1.0.1.jar  
  inflating: /home/pkleczek/Applications/Fiji.app/Fiji.app/jars/trove4j-3.0.3.jar  
  inflating: /home/pkleczek/Applications/Fiji.app/Fiji.app/jars/udunits-4.3.18.jar  
  inflating: /home/pkleczek/Applications/Fiji.app/Fiji.app/jars/ui-behaviour-1.7.4.jar  
  inflating: /home/pkleczek/Applications/Fiji.app/Fiji.app/jars/unsafe-fences-1.0.jar  
  inflating: /home/pkleczek/Applications/Fiji.app/Fiji.app/jars/utils-0.8.1906.jar  
  inflating: /home/pkleczek/Applications/Fiji.app/Fiji.app/jars/vecmath-1.6.0-scijava-2.jar  
  inflating: /home/pkleczek/Applications/Fiji.app/Fiji.app/jars/weave_jy2java-2.1.1.jar  
  inflating: /home/pkleczek/Applications/Fiji.app/Fiji.app/jars/weka-dev-3.9.3.jar  
  inflating: /home/pkleczek/Applications/Fiji.app/Fiji.app/jars/xerbla-0.8.jar  
  inflating: /home/pkleczek/Applications/Fiji.app/Fiji.app/jars/xercesImpl-2.8.1.jar  
  inflating: /home/pkleczek/Applications/Fiji.app/Fiji.app/jars/xml-apis-ext-1.3.04.jar  
  inflating: /home/pkleczek/Applications/Fiji.app/Fiji.app/jars/xmlgraphics-commons-2.3.jar  
  inflating: /home/pkleczek/Applications/Fiji.app/Fiji.app/jars/xmpcore-5.1.2.jar  
  inflating: /home/pkleczek/Applications/Fiji.app/Fiji.app/jars/xz-1.0.jar  
  inflating: /home/pkleczek/Applications/Fiji.app/Fiji.app/jars/yecht-1.0.jar  
  inflating: /home/pkleczek/Applications/Fiji.app/Fiji.app/scripts/ImageJ.m  
  inflating: /home/pkleczek/Applications/Fiji.app/Fiji.app/scripts/InstallJava3D.m  
  inflating: /home/pkleczek/Applications/Fiji.app/Fiji.app/scripts/IsJava3DInstalled.m  
  inflating: /home/pkleczek/Applications/Fiji.app/Fiji.app/scripts/Matlab3DViewerDemo_1.m  
  inflating: /home/pkleczek/Applications/Fiji.app/Fiji.app/scripts/Matlab3DViewerDemo_2.m  
  inflating: /home/pkleczek/Applications/Fiji.app/Fiji.app/scripts/Matlab3DViewerDemo_3.m  
  inflating: /home/pkleczek/Applications/Fiji.app/Fiji.app/scripts/Matlab3DViewerIntroduction.m  
  inflating: /home/pkleczek/Applications/Fiji.app/Fiji.app/scripts/Miji.m  
  inflating: /home/pkleczek/Applications/Fiji.app/Fiji.app/scripts/Miji_Test.m  
  inflating: /home/pkleczek/Applications/Fiji.app/Fiji.app/scripts/bfopen.m  
  inflating: /home/pkleczek/Applications/Fiji.app/Fiji.app/scripts/copytoImg.m  
  inflating: /home/pkleczek/Applications/Fiji.app/Fiji.app/scripts/copytoImgPlus.m  
  inflating: /home/pkleczek/Applications/Fiji.app/Fiji.app/scripts/copytoMatlab.m  
  inflating: /home/pkleczek/Applications/Fiji.app/Fiji.app/scripts/importTrackMateTracks.m  
  inflating: /home/pkleczek/Applications/Fiji.app/Fiji.app/scripts/trackmateEdges.m  
  inflating: /home/pkleczek/Applications/Fiji.app/Fiji.app/scripts/trackmateFeatureDeclarations.m  
  inflating: /home/pkleczek/Applications/Fiji.app/Fiji.app/scripts/trackmateGraph.m  
  inflating: /home/pkleczek/Applications/Fiji.app/Fiji.app/scripts/trackmateImageCalibration.m  
  inflating: /home/pkleczek/Applications/Fiji.app/Fiji.app/scripts/trackmateSpots.m  
  inflating: /home/pkleczek/Applications/Fiji.app/Fiji.app/images/about/about1.tif  
  inflating: /home/pkleczek/Applications/Fiji.app/Fiji.app/images/about/about1.tif.txt  
  inflating: /home/pkleczek/Applications/Fiji.app/Fiji.app/images/about/about2.tif  
  inflating: /home/pkleczek/Applications/Fiji.app/Fiji.app/images/about/about2.tif.txt  
  inflating: /home/pkleczek/Applications/Fiji.app/Fiji.app/images/about/about3.tif  
  inflating: /home/pkleczek/Applications/Fiji.app/Fiji.app/images/about/about3.tif.txt  
  inflating: /home/pkleczek/Applications/Fiji.app/Fiji.app/images/about/about4.tif  
  inflating: /home/pkleczek/Applications/Fiji.app/Fiji.app/images/about/about4.tif.txt  
  inflating: /home/pkleczek/Applications/Fiji.app/Fiji.app/images/about/about5.tif  
  inflating: /home/pkleczek/Applications/Fiji.app/Fiji.app/images/about/about5.tif.txt  
  inflating: /home/pkleczek/Applications/Fiji.app/Fiji.app/images/icon-flat.png  
  inflating: /home/pkleczek/Applications/Fiji.app/Fiji.app/images/icon.png  
  inflating: /home/pkleczek/Applications/Fiji.app/Fiji.app/macros/AutoRun/AutoRun_Scripts.ijm  
  inflating: /home/pkleczek/Applications/Fiji.app/Fiji.app/macros/StartupMacros.fiji.ijm  
  inflating: /home/pkleczek/Applications/Fiji.app/Fiji.app/macros/listManagement.txt  
  inflating: /home/pkleczek/Applications/Fiji.app/Fiji.app/macros/toolsets/Clear Custom Tools.txt  
  inflating: /home/pkleczek/Applications/Fiji.app/Fiji.app/macros/toolsets/Drawing Tools.txt  
  inflating: /home/pkleczek/Applications/Fiji.app/Fiji.app/macros/toolsets/Lookup Tables.txt  
  inflating: /home/pkleczek/Applications/Fiji.app/Fiji.app/README.md  
  inflating: /home/pkleczek/Applications/Fiji.app/Fiji.app/WELCOME.md  
  inflating: /home/pkleczek/Applications/Fiji.app/Fiji.app/lib/Java-8  
  inflating: /home/pkleczek/Applications/Fiji.app/Fiji.app/luts/16_colors.lut  
  inflating: /home/pkleczek/Applications/Fiji.app/Fiji.app/luts/5_ramps.lut  
  inflating: /home/pkleczek/Applications/Fiji.app/Fiji.app/luts/6_shades.lut  
  inflating: /home/pkleczek/Applications/Fiji.app/Fiji.app/luts/Cyan Hot.lut  
  inflating: /home/pkleczek/Applications/Fiji.app/Fiji.app/luts/Green Fire Blue.lut  
  inflating: /home/pkleczek/Applications/Fiji.app/Fiji.app/luts/HiLo.lut  
  inflating: /home/pkleczek/Applications/Fiji.app/Fiji.app/luts/ICA.lut  
  inflating: /home/pkleczek/Applications/Fiji.app/Fiji.app/luts/ICA2.lut  
  inflating: /home/pkleczek/Applications/Fiji.app/Fiji.app/luts/ICA3.lut  
  inflating: /home/pkleczek/Applications/Fiji.app/Fiji.app/luts/Magenta Hot.lut  
  inflating: /home/pkleczek/Applications/Fiji.app/Fiji.app/luts/Orange Hot.lut  
  inflating: /home/pkleczek/Applications/Fiji.app/Fiji.app/luts/Rainbow RGB.lut  
  inflating: /home/pkleczek/Applications/Fiji.app/Fiji.app/luts/Red Hot.lut  
  inflating: /home/pkleczek/Applications/Fiji.app/Fiji.app/luts/Thermal.lut  
  inflating: /home/pkleczek/Applications/Fiji.app/Fiji.app/luts/Yellow Hot.lut  
  inflating: /home/pkleczek/Applications/Fiji.app/Fiji.app/luts/blue_orange_icb.lut  
  inflating: /home/pkleczek/Applications/Fiji.app/Fiji.app/luts/brgbcmyw.lut  
  inflating: /home/pkleczek/Applications/Fiji.app/Fiji.app/luts/cool.lut  
  inflating: /home/pkleczek/Applications/Fiji.app/Fiji.app/luts/edges.lut  
  inflating: /home/pkleczek/Applications/Fiji.app/Fiji.app/luts/gem.lut  
  inflating: /home/pkleczek/Applications/Fiji.app/Fiji.app/luts/glasbey.lut  
  inflating: /home/pkleczek/Applications/Fiji.app/Fiji.app/luts/glasbey_inverted.lut  
  inflating: /home/pkleczek/Applications/Fiji.app/Fiji.app/luts/glasbey_on_dark.lut  
  inflating: /home/pkleczek/Applications/Fiji.app/Fiji.app/luts/glow.lut  
  inflating: /home/pkleczek/Applications/Fiji.app/Fiji.app/luts/mpl-inferno.lut  
  inflating: /home/pkleczek/Applications/Fiji.app/Fiji.app/luts/mpl-magma.lut  
  inflating: /home/pkleczek/Applications/Fiji.app/Fiji.app/luts/mpl-plasma.lut  
  inflating: /home/pkleczek/Applications/Fiji.app/Fiji.app/luts/mpl-viridis.lut  
  inflating: /home/pkleczek/Applications/Fiji.app/Fiji.app/luts/phase.lut  
  inflating: /home/pkleczek/Applications/Fiji.app/Fiji.app/luts/physics.lut  
  inflating: /home/pkleczek/Applications/Fiji.app/Fiji.app/luts/royal.lut  
  inflating: /home/pkleczek/Applications/Fiji.app/Fiji.app/luts/sepia.lut  
  inflating: /home/pkleczek/Applications/Fiji.app/Fiji.app/luts/smart.lut  
  inflating: /home/pkleczek/Applications/Fiji.app/Fiji.app/luts/thal.lut  
  inflating: /home/pkleczek/Applications/Fiji.app/Fiji.app/luts/thallium.lut  
  inflating: /home/pkleczek/Applications/Fiji.app/Fiji.app/luts/unionjack.lut  
  inflating: /home/pkleczek/Applications/Fiji.app/Fiji.app/retro/backport-util-concurrent-3.1.jar  
  inflating: /home/pkleczek/Applications/Fiji.app/Fiji.app/retro/retrotranslator-runtime-1.2.9.jar  
  inflating: /home/pkleczek/Applications/Fiji.app/Fiji.app/retro/retrotranslator-transformer-1.2.9.jar  
  inflating: /home/pkleczek/Applications/Fiji.app/Fiji.app/java/linux-amd64/jdk1.8.0_172/jre/bin/pack200  
  inflating: /home/pkleczek/Applications/Fiji.app/Fiji.app/java/linux-amd64/jdk1.8.0_172/jre/bin/keytool  
  inflating: /home/pkleczek/Applications/Fiji.app/Fiji.app/java/linux-amd64/jdk1.8.0_172/jre/bin/jjs  
  inflating: /home/pkleczek/Applications/Fiji.app/Fiji.app/java/linux-amd64/jdk1.8.0_172/jre/bin/tnameserv  
  inflating: /home/pkleczek/Applications/Fiji.app/Fiji.app/java/linux-amd64/jdk1.8.0_172/jre/bin/java  
  inflating: /home/pkleczek/Applications/Fiji.app/Fiji.app/java/linux-amd64/jdk1.8.0_172/jre/bin/ControlPanel  
  inflating: /home/pkleczek/Applications/Fiji.app/Fiji.app/java/linux-amd64/jdk1.8.0_172/jre/bin/orbd  
  inflating: /home/pkleczek/Applications/Fiji.app/Fiji.app/java/linux-amd64/jdk1.8.0_172/jre/bin/rmiregistry  
  inflating: /home/pkleczek/Applications/Fiji.app/Fiji.app/java/linux-amd64/jdk1.8.0_172/jre/bin/unpack200  
  inflating: /home/pkleczek/Applications/Fiji.app/Fiji.app/java/linux-amd64/jdk1.8.0_172/jre/bin/policytool  
  inflating: /home/pkleczek/Applications/Fiji.app/Fiji.app/java/linux-amd64/jdk1.8.0_172/jre/bin/javaws  
  inflating: /home/pkleczek/Applications/Fiji.app/Fiji.app/java/linux-amd64/jdk1.8.0_172/jre/bin/servertool  
  inflating: /home/pkleczek/Applications/Fiji.app/Fiji.app/java/linux-amd64/jdk1.8.0_172/jre/bin/rmid  
  inflating: /home/pkleczek/Applications/Fiji.app/Fiji.app/java/linux-amd64/jdk1.8.0_172/jre/bin/jcontrol  
  inflating: /home/pkleczek/Applications/Fiji.app/Fiji.app/java/linux-amd64/jdk1.8.0_172/jre/THIRDPARTYLICENSEREADME.txt  
  inflating: /home/pkleczek/Applications/Fiji.app/Fiji.app/java/linux-amd64/jdk1.8.0_172/jre/Welcome.html  
  inflating: /home/pkleczek/Applications/Fiji.app/Fiji.app/java/linux-amd64/jdk1.8.0_172/jre/COPYRIGHT  
  inflating: /home/pkleczek/Applications/Fiji.app/Fiji.app/java/linux-amd64/jdk1.8.0_172/jre/plugin/desktop/sun_java.desktop  
  inflating: /home/pkleczek/Applications/Fiji.app/Fiji.app/java/linux-amd64/jdk1.8.0_172/jre/plugin/desktop/sun_java.png  
  inflating: /home/pkleczek/Applications/Fiji.app/Fiji.app/java/linux-amd64/jdk1.8.0_172/jre/THIRDPARTYLICENSEREADME-JAVAFX.txt  
  inflating: /home/pkleczek/Applications/Fiji.app/Fiji.app/java/linux-amd64/jdk1.8.0_172/jre/README  
  inflating: /home/pkleczek/Applications/Fiji.app/Fiji.app/java/linux-amd64/jdk1.8.0_172/jre/LICENSE  
  inflating: /home/pkleczek/Applications/Fiji.app/Fiji.app/java/linux-amd64/jdk1.8.0_172/jre/man/ja/man1/rmid.1  
  inflating: /home/pkleczek/Applications/Fiji.app/Fiji.app/java/linux-amd64/jdk1.8.0_172/jre/man/ja/man1/javaws.1  
  inflating: /home/pkleczek/Applications/Fiji.app/Fiji.app/java/linux-amd64/jdk1.8.0_172/jre/man/ja/man1/tnameserv.1  
  inflating: /home/pkleczek/Applications/Fiji.app/Fiji.app/java/linux-amd64/jdk1.8.0_172/jre/man/ja/man1/rmiregistry.1  
  inflating: /home/pkleczek/Applications/Fiji.app/Fiji.app/java/linux-amd64/jdk1.8.0_172/jre/man/ja/man1/java.1  
  inflating: /home/pkleczek/Applications/Fiji.app/Fiji.app/java/linux-amd64/jdk1.8.0_172/jre/man/ja/man1/orbd.1  
  inflating: /home/pkleczek/Applications/Fiji.app/Fiji.app/java/linux-amd64/jdk1.8.0_172/jre/man/ja/man1/jjs.1  
  inflating: /home/pkleczek/Applications/Fiji.app/Fiji.app/java/linux-amd64/jdk1.8.0_172/jre/man/ja/man1/servertool.1  
  inflating: /home/pkleczek/Applications/Fiji.app/Fiji.app/java/linux-amd64/jdk1.8.0_172/jre/man/ja/man1/keytool.1  
  inflating: /home/pkleczek/Applications/Fiji.app/Fiji.app/java/linux-amd64/jdk1.8.0_172/jre/man/ja/man1/pack200.1  
  inflating: /home/pkleczek/Applications/Fiji.app/Fiji.app/java/linux-amd64/jdk1.8.0_172/jre/man/ja/man1/policytool.1  
  inflating: /home/pkleczek/Applications/Fiji.app/Fiji.app/java/linux-amd64/jdk1.8.0_172/jre/man/ja/man1/unpack200.1  
  inflating: /home/pkleczek/Applications/Fiji.app/Fiji.app/java/linux-amd64/jdk1.8.0_172/jre/man/ja_JP.UTF-8/man1/rmid.1  
  inflating: /home/pkleczek/Applications/Fiji.app/Fiji.app/java/linux-amd64/jdk1.8.0_172/jre/man/ja_JP.UTF-8/man1/javaws.1  
  inflating: /home/pkleczek/Applications/Fiji.app/Fiji.app/java/linux-amd64/jdk1.8.0_172/jre/man/ja_JP.UTF-8/man1/tnameserv.1  
  inflating: /home/pkleczek/Applications/Fiji.app/Fiji.app/java/linux-amd64/jdk1.8.0_172/jre/man/ja_JP.UTF-8/man1/rmiregistry.1  
  inflating: /home/pkleczek/Applications/Fiji.app/Fiji.app/java/linux-amd64/jdk1.8.0_172/jre/man/ja_JP.UTF-8/man1/java.1  
  inflating: /home/pkleczek/Applications/Fiji.app/Fiji.app/java/linux-amd64/jdk1.8.0_172/jre/man/ja_JP.UTF-8/man1/orbd.1  
  inflating: /home/pkleczek/Applications/Fiji.app/Fiji.app/java/linux-amd64/jdk1.8.0_172/jre/man/ja_JP.UTF-8/man1/jjs.1  
  inflating: /home/pkleczek/Applications/Fiji.app/Fiji.app/java/linux-amd64/jdk1.8.0_172/jre/man/ja_JP.UTF-8/man1/servertool.1  
  inflating: /home/pkleczek/Applications/Fiji.app/Fiji.app/java/linux-amd64/jdk1.8.0_172/jre/man/ja_JP.UTF-8/man1/keytool.1  
  inflating: /home/pkleczek/Applications/Fiji.app/Fiji.app/java/linux-amd64/jdk1.8.0_172/jre/man/ja_JP.UTF-8/man1/pack200.1  
  inflating: /home/pkleczek/Applications/Fiji.app/Fiji.app/java/linux-amd64/jdk1.8.0_172/jre/man/ja_JP.UTF-8/man1/policytool.1  
  inflating: /home/pkleczek/Applications/Fiji.app/Fiji.app/java/linux-amd64/jdk1.8.0_172/jre/man/ja_JP.UTF-8/man1/unpack200.1  
  inflating: /home/pkleczek/Applications/Fiji.app/Fiji.app/java/linux-amd64/jdk1.8.0_172/jre/man/man1/rmid.1  
  inflating: /home/pkleczek/Applications/Fiji.app/Fiji.app/java/linux-amd64/jdk1.8.0_172/jre/man/man1/javaws.1  
  inflating: /home/pkleczek/Applications/Fiji.app/Fiji.app/java/linux-amd64/jdk1.8.0_172/jre/man/man1/tnameserv.1  
  inflating: /home/pkleczek/Applications/Fiji.app/Fiji.app/java/linux-amd64/jdk1.8.0_172/jre/man/man1/rmiregistry.1  
  inflating: /home/pkleczek/Applications/Fiji.app/Fiji.app/java/linux-amd64/jdk1.8.0_172/jre/man/man1/java.1  
  inflating: /home/pkleczek/Applications/Fiji.app/Fiji.app/java/linux-amd64/jdk1.8.0_172/jre/man/man1/orbd.1  
  inflating: /home/pkleczek/Applications/Fiji.app/Fiji.app/java/linux-amd64/jdk1.8.0_172/jre/man/man1/jjs.1  
  inflating: /home/pkleczek/Applications/Fiji.app/Fiji.app/java/linux-amd64/jdk1.8.0_172/jre/man/man1/servertool.1  
  inflating: /home/pkleczek/Applications/Fiji.app/Fiji.app/java/linux-amd64/jdk1.8.0_172/jre/man/man1/keytool.1  
  inflating: /home/pkleczek/Applications/Fiji.app/Fiji.app/java/linux-amd64/jdk1.8.0_172/jre/man/man1/pack200.1  
  inflating: /home/pkleczek/Applications/Fiji.app/Fiji.app/java/linux-amd64/jdk1.8.0_172/jre/man/man1/policytool.1  
  inflating: /home/pkleczek/Applications/Fiji.app/Fiji.app/java/linux-amd64/jdk1.8.0_172/jre/man/man1/unpack200.1  
  inflating: /home/pkleczek/Applications/Fiji.app/Fiji.app/java/linux-amd64/jdk1.8.0_172/jre/release  
  inflating: /home/pkleczek/Applications/Fiji.app/Fiji.app/java/linux-amd64/jdk1.8.0_172/jre/lib/logging.properties  
  inflating: /home/pkleczek/Applications/Fiji.app/Fiji.app/java/linux-amd64/jdk1.8.0_172/jre/lib/psfont.properties.ja  
  inflating: /home/pkleczek/Applications/Fiji.app/Fiji.app/java/linux-amd64/jdk1.8.0_172/jre/lib/cmm/sRGB.pf  
  inflating: /home/pkleczek/Applications/Fiji.app/Fiji.app/java/linux-amd64/jdk1.8.0_172/jre/lib/cmm/LINEAR_RGB.pf  
  inflating: /home/pkleczek/Applications/Fiji.app/Fiji.app/java/linux-amd64/jdk1.8.0_172/jre/lib/cmm/PYCC.pf  
  inflating: /home/pkleczek/Applications/Fiji.app/Fiji.app/java/linux-amd64/jdk1.8.0_172/jre/lib/cmm/GRAY.pf  
  inflating: /home/pkleczek/Applications/Fiji.app/Fiji.app/java/linux-amd64/jdk1.8.0_172/jre/lib/cmm/CIEXYZ.pf  
  inflating: /home/pkleczek/Applications/Fiji.app/Fiji.app/java/linux-amd64/jdk1.8.0_172/jre/lib/deploy/mixcode_s.png  
  inflating: /home/pkleczek/Applications/Fiji.app/Fiji.app/java/linux-amd64/jdk1.8.0_172/jre/lib/deploy/messages_ko.properties  
  inflating: /home/pkleczek/Applications/Fiji.app/Fiji.app/java/linux-amd64/jdk1.8.0_172/jre/lib/deploy/messages_de.properties  
  inflating: /home/pkleczek/Applications/Fiji.app/Fiji.app/java/linux-amd64/jdk1.8.0_172/jre/lib/deploy/messages_zh_HK.properties  
  inflating: /home/pkleczek/Applications/Fiji.app/Fiji.app/java/linux-amd64/jdk1.8.0_172/jre/lib/deploy/MixedCodeMainDialog.ui  
  inflating: /home/pkleczek/Applications/Fiji.app/Fiji.app/java/linux-amd64/jdk1.8.0_172/jre/lib/deploy/splash@2x.gif  
  inflating: /home/pkleczek/Applications/Fiji.app/Fiji.app/java/linux-amd64/jdk1.8.0_172/jre/lib/deploy/java-icon.ico  
  inflating: /home/pkleczek/Applications/Fiji.app/Fiji.app/java/linux-amd64/jdk1.8.0_172/jre/lib/deploy/ffjcext.zip  
  inflating: /home/pkleczek/Applications/Fiji.app/Fiji.app/java/linux-amd64/jdk1.8.0_172/jre/lib/deploy/messages_ja.properties  
  inflating: /home/pkleczek/Applications/Fiji.app/Fiji.app/java/linux-amd64/jdk1.8.0_172/jre/lib/deploy/messages_pt_BR.properties  
  inflating: /home/pkleczek/Applications/Fiji.app/Fiji.app/java/linux-amd64/jdk1.8.0_172/jre/lib/deploy/splash_11@2x-lic.gif  
  inflating: /home/pkleczek/Applications/Fiji.app/Fiji.app/java/linux-amd64/jdk1.8.0_172/jre/lib/deploy/messages_es.properties  
  inflating: /home/pkleczek/Applications/Fiji.app/Fiji.app/java/linux-amd64/jdk1.8.0_172/jre/lib/deploy/messages_zh_TW.properties  
  inflating: /home/pkleczek/Applications/Fiji.app/Fiji.app/java/linux-amd64/jdk1.8.0_172/jre/lib/deploy/cautionshield.icns  
  inflating: /home/pkleczek/Applications/Fiji.app/Fiji.app/java/linux-amd64/jdk1.8.0_172/jre/lib/deploy/messages.properties  
  inflating: /home/pkleczek/Applications/Fiji.app/Fiji.app/java/linux-amd64/jdk1.8.0_172/jre/lib/deploy/MixedCodeMainDialogJs.ui  
  inflating: /home/pkleczek/Applications/Fiji.app/Fiji.app/java/linux-amd64/jdk1.8.0_172/jre/lib/deploy/splash.gif  
  inflating: /home/pkleczek/Applications/Fiji.app/Fiji.app/java/linux-amd64/jdk1.8.0_172/jre/lib/deploy/messages_fr.properties  
  inflating: /home/pkleczek/Applications/Fiji.app/Fiji.app/java/linux-amd64/jdk1.8.0_172/jre/lib/deploy/messages_zh_CN.properties  
  inflating: /home/pkleczek/Applications/Fiji.app/Fiji.app/java/linux-amd64/jdk1.8.0_172/jre/lib/deploy/splash_11-lic.gif  
  inflating: /home/pkleczek/Applications/Fiji.app/Fiji.app/java/linux-amd64/jdk1.8.0_172/jre/lib/deploy/messages_sv.properties  
  inflating: /home/pkleczek/Applications/Fiji.app/Fiji.app/java/linux-amd64/jdk1.8.0_172/jre/lib/deploy/messages_it.properties  
  inflating: /home/pkleczek/Applications/Fiji.app/Fiji.app/java/linux-amd64/jdk1.8.0_172/jre/lib/net.properties  
  inflating: /home/pkleczek/Applications/Fiji.app/Fiji.app/java/linux-amd64/jdk1.8.0_172/jre/lib/jfr/default.jfc  
  inflating: /home/pkleczek/Applications/Fiji.app/Fiji.app/java/linux-amd64/jdk1.8.0_172/jre/lib/jfr/profile.jfc  
  inflating: /home/pkleczek/Applications/Fiji.app/Fiji.app/java/linux-amd64/jdk1.8.0_172/jre/lib/hijrah-config-umalqura.properties  
  inflating: /home/pkleczek/Applications/Fiji.app/Fiji.app/java/linux-amd64/jdk1.8.0_172/jre/lib/fontconfig.RedHat.5.bfc  
  inflating: /home/pkleczek/Applications/Fiji.app/Fiji.app/java/linux-amd64/jdk1.8.0_172/jre/lib/fontconfig.RedHat.6.bfc  
  inflating: /home/pkleczek/Applications/Fiji.app/Fiji.app/java/linux-amd64/jdk1.8.0_172/jre/lib/meta-index  
  inflating: /home/pkleczek/Applications/Fiji.app/Fiji.app/java/linux-amd64/jdk1.8.0_172/jre/lib/security/trusted.libraries  
  inflating: /home/pkleczek/Applications/Fiji.app/Fiji.app/java/linux-amd64/jdk1.8.0_172/jre/lib/security/cacerts  
  inflating: /home/pkleczek/Applications/Fiji.app/Fiji.app/java/linux-amd64/jdk1.8.0_172/jre/lib/security/java.policy  
  inflating: /home/pkleczek/Applications/Fiji.app/Fiji.app/java/linux-amd64/jdk1.8.0_172/jre/lib/security/policy/unlimited/local_policy.jar  
  inflating: /home/pkleczek/Applications/Fiji.app/Fiji.app/java/linux-amd64/jdk1.8.0_172/jre/lib/security/policy/unlimited/US_export_policy.jar  
  inflating: /home/pkleczek/Applications/Fiji.app/Fiji.app/java/linux-amd64/jdk1.8.0_172/jre/lib/security/policy/limited/local_policy.jar  
  inflating: /home/pkleczek/Applications/Fiji.app/Fiji.app/java/linux-amd64/jdk1.8.0_172/jre/lib/security/policy/limited/US_export_policy.jar  
  inflating: /home/pkleczek/Applications/Fiji.app/Fiji.app/java/linux-amd64/jdk1.8.0_172/jre/lib/security/blacklist  
  inflating: /home/pkleczek/Applications/Fiji.app/Fiji.app/java/linux-amd64/jdk1.8.0_172/jre/lib/security/blacklisted.certs  
  inflating: /home/pkleczek/Applications/Fiji.app/Fiji.app/java/linux-amd64/jdk1.8.0_172/jre/lib/security/javaws.policy  
  inflating: /home/pkleczek/Applications/Fiji.app/Fiji.app/java/linux-amd64/jdk1.8.0_172/jre/lib/security/java.security  
  inflating: /home/pkleczek/Applications/Fiji.app/Fiji.app/java/linux-amd64/jdk1.8.0_172/jre/lib/fontconfig.SuSE.10.properties.src  
  inflating: /home/pkleczek/Applications/Fiji.app/Fiji.app/java/linux-amd64/jdk1.8.0_172/jre/lib/jexec  
  inflating: /home/pkleczek/Applications/Fiji.app/Fiji.app/java/linux-amd64/jdk1.8.0_172/jre/lib/fontconfig.RedHat.5.properties.src  
  inflating: /home/pkleczek/Applications/Fiji.app/Fiji.app/java/linux-amd64/jdk1.8.0_172/jre/lib/resources.jar  
  inflating: /home/pkleczek/Applications/Fiji.app/Fiji.app/java/linux-amd64/jdk1.8.0_172/jre/lib/jvm.hprof.txt  
  inflating: /home/pkleczek/Applications/Fiji.app/Fiji.app/java/linux-amd64/jdk1.8.0_172/jre/lib/charsets.jar  
  inflating: /home/pkleczek/Applications/Fiji.app/Fiji.app/java/linux-amd64/jdk1.8.0_172/jre/lib/images/cursors/motif_LinkNoDrop32x32.gif  
  inflating: /home/pkleczek/Applications/Fiji.app/Fiji.app/java/linux-amd64/jdk1.8.0_172/jre/lib/images/cursors/cursors.properties  
  inflating: /home/pkleczek/Applications/Fiji.app/Fiji.app/java/linux-amd64/jdk1.8.0_172/jre/lib/images/cursors/motif_CopyNoDrop32x32.gif  
  inflating: /home/pkleczek/Applications/Fiji.app/Fiji.app/java/linux-amd64/jdk1.8.0_172/jre/lib/images/cursors/motif_MoveDrop32x32.gif  
  inflating: /home/pkleczek/Applications/Fiji.app/Fiji.app/java/linux-amd64/jdk1.8.0_172/jre/lib/images/cursors/invalid32x32.gif  
  inflating: /home/pkleczek/Applications/Fiji.app/Fiji.app/java/linux-amd64/jdk1.8.0_172/jre/lib/images/cursors/motif_MoveNoDrop32x32.gif  
  inflating: /home/pkleczek/Applications/Fiji.app/Fiji.app/java/linux-amd64/jdk1.8.0_172/jre/lib/images/cursors/motif_LinkDrop32x32.gif  
  inflating: /home/pkleczek/Applications/Fiji.app/Fiji.app/java/linux-amd64/jdk1.8.0_172/jre/lib/images/cursors/motif_CopyDrop32x32.gif  
  inflating: /home/pkleczek/Applications/Fiji.app/Fiji.app/java/linux-amd64/jdk1.8.0_172/jre/lib/images/icons/sun-java_HighContrast.png  
  inflating: /home/pkleczek/Applications/Fiji.app/Fiji.app/java/linux-amd64/jdk1.8.0_172/jre/lib/images/icons/sun-java.png  
  inflating: /home/pkleczek/Applications/Fiji.app/Fiji.app/java/linux-amd64/jdk1.8.0_172/jre/lib/images/icons/sun-java_LowContrast.png  
  inflating: /home/pkleczek/Applications/Fiji.app/Fiji.app/java/linux-amd64/jdk1.8.0_172/jre/lib/images/icons/sun-java_HighContrastInverse.png  
  inflating: /home/pkleczek/Applications/Fiji.app/Fiji.app/java/linux-amd64/jdk1.8.0_172/jre/lib/fontconfig.SuSE.10.bfc  
  inflating: /home/pkleczek/Applications/Fiji.app/Fiji.app/java/linux-amd64/jdk1.8.0_172/jre/lib/ext/localedata.jar  
  inflating: /home/pkleczek/Applications/Fiji.app/Fiji.app/java/linux-amd64/jdk1.8.0_172/jre/lib/ext/jfxrt.jar  
  inflating: /home/pkleczek/Applications/Fiji.app/Fiji.app/java/linux-amd64/jdk1.8.0_172/jre/lib/ext/sunpkcs11.jar  
  inflating: /home/pkleczek/Applications/Fiji.app/Fiji.app/java/linux-amd64/jdk1.8.0_172/jre/lib/ext/sunec.jar  
  inflating: /home/pkleczek/Applications/Fiji.app/Fiji.app/java/linux-amd64/jdk1.8.0_172/jre/lib/ext/meta-index  
  inflating: /home/pkleczek/Applications/Fiji.app/Fiji.app/java/linux-amd64/jdk1.8.0_172/jre/lib/ext/nashorn.jar  
  inflating: /home/pkleczek/Applications/Fiji.app/Fiji.app/java/linux-amd64/jdk1.8.0_172/jre/lib/ext/dnsns.jar  
  inflating: /home/pkleczek/Applications/Fiji.app/Fiji.app/java/linux-amd64/jdk1.8.0_172/jre/lib/ext/sunjce_provider.jar  
  inflating: /home/pkleczek/Applications/Fiji.app/Fiji.app/java/linux-amd64/jdk1.8.0_172/jre/lib/ext/jaccess.jar  
  inflating: /home/pkleczek/Applications/Fiji.app/Fiji.app/java/linux-amd64/jdk1.8.0_172/jre/lib/ext/cldrdata.jar  
  inflating: /home/pkleczek/Applications/Fiji.app/Fiji.app/java/linux-amd64/jdk1.8.0_172/jre/lib/ext/zipfs.jar  
  inflating: /home/pkleczek/Applications/Fiji.app/Fiji.app/java/linux-amd64/jdk1.8.0_172/jre/lib/fontconfig.bfc  
  inflating: /home/pkleczek/Applications/Fiji.app/Fiji.app/java/linux-amd64/jdk1.8.0_172/jre/lib/javafx.properties  
  inflating: /home/pkleczek/Applications/Fiji.app/Fiji.app/java/linux-amd64/jdk1.8.0_172/jre/lib/fontconfig.RedHat.6.properties.src  
  inflating: /home/pkleczek/Applications/Fiji.app/Fiji.app/java/linux-amd64/jdk1.8.0_172/jre/lib/oblique-fonts/LucidaTypewriterBoldOblique.ttf  
  inflating: /home/pkleczek/Applications/Fiji.app/Fiji.app/java/linux-amd64/jdk1.8.0_172/jre/lib/oblique-fonts/LucidaSansDemiOblique.ttf  
  inflating: /home/pkleczek/Applications/Fiji.app/Fiji.app/java/linux-amd64/jdk1.8.0_172/jre/lib/oblique-fonts/LucidaSansOblique.ttf  
  inflating: /home/pkleczek/Applications/Fiji.app/Fiji.app/java/linux-amd64/jdk1.8.0_172/jre/lib/oblique-fonts/fonts.dir  
  inflating: /home/pkleczek/Applications/Fiji.app/Fiji.app/java/linux-amd64/jdk1.8.0_172/jre/lib/oblique-fonts/LucidaTypewriterOblique.ttf  
  inflating: /home/pkleczek/Applications/Fiji.app/Fiji.app/java/linux-amd64/jdk1.8.0_172/jre/lib/deploy.jar  
  inflating: /home/pkleczek/Applications/Fiji.app/Fiji.app/java/linux-amd64/jdk1.8.0_172/jre/lib/tzdb.dat  
  inflating: /home/pkleczek/Applications/Fiji.app/Fiji.app/java/linux-amd64/jdk1.8.0_172/jre/lib/fontconfig.SuSE.11.bfc  
  inflating: /home/pkleczek/Applications/Fiji.app/Fiji.app/java/linux-amd64/jdk1.8.0_172/jre/lib/management/jmxremote.access  
  inflating: /home/pkleczek/Applications/Fiji.app/Fiji.app/java/linux-amd64/jdk1.8.0_172/jre/lib/management/management.properties  
  inflating: /home/pkleczek/Applications/Fiji.app/Fiji.app/java/linux-amd64/jdk1.8.0_172/jre/lib/management/snmp.acl.template  
  inflating: /home/pkleczek/Applications/Fiji.app/Fiji.app/java/linux-amd64/jdk1.8.0_172/jre/lib/management/jmxremote.password.template  
  inflating: /home/pkleczek/Applications/Fiji.app/Fiji.app/java/linux-amd64/jdk1.8.0_172/jre/lib/jsse.jar  
  inflating: /home/pkleczek/Applications/Fiji.app/Fiji.app/java/linux-amd64/jdk1.8.0_172/jre/lib/classlist  
  inflating: /home/pkleczek/Applications/Fiji.app/Fiji.app/java/linux-amd64/jdk1.8.0_172/jre/lib/fontconfig.SuSE.11.properties.src  
  inflating: /home/pkleczek/Applications/Fiji.app/Fiji.app/java/linux-amd64/jdk1.8.0_172/jre/lib/fonts/LucidaBrightRegular.ttf  
  inflating: /home/pkleczek/Applications/Fiji.app/Fiji.app/java/linux-amd64/jdk1.8.0_172/jre/lib/fonts/LucidaBrightDemiBold.ttf  
  inflating: /home/pkleczek/Applications/Fiji.app/Fiji.app/java/linux-amd64/jdk1.8.0_172/jre/lib/fonts/LucidaBrightDemiItalic.ttf  
  inflating: /home/pkleczek/Applications/Fiji.app/Fiji.app/java/linux-amd64/jdk1.8.0_172/jre/lib/fonts/LucidaTypewriterRegular.ttf  
  inflating: /home/pkleczek/Applications/Fiji.app/Fiji.app/java/linux-amd64/jdk1.8.0_172/jre/lib/fonts/LucidaSansRegular.ttf  
  inflating: /home/pkleczek/Applications/Fiji.app/Fiji.app/java/linux-amd64/jdk1.8.0_172/jre/lib/fonts/LucidaSansDemiBold.ttf  
  inflating: /home/pkleczek/Applications/Fiji.app/Fiji.app/java/linux-amd64/jdk1.8.0_172/jre/lib/fonts/LucidaTypewriterBold.ttf  
  inflating: /home/pkleczek/Applications/Fiji.app/Fiji.app/java/linux-amd64/jdk1.8.0_172/jre/lib/fonts/fonts.dir  
  inflating: /home/pkleczek/Applications/Fiji.app/Fiji.app/java/linux-amd64/jdk1.8.0_172/jre/lib/fonts/LucidaBrightItalic.ttf  
  inflating: /home/pkleczek/Applications/Fiji.app/Fiji.app/java/linux-amd64/jdk1.8.0_172/jre/lib/sound.properties  
  inflating: /home/pkleczek/Applications/Fiji.app/Fiji.app/java/linux-amd64/jdk1.8.0_172/jre/lib/fontconfig.Turbo.bfc  
  inflating: /home/pkleczek/Applications/Fiji.app/Fiji.app/java/linux-amd64/jdk1.8.0_172/jre/lib/plugin.jar  
  inflating: /home/pkleczek/Applications/Fiji.app/Fiji.app/java/linux-amd64/jdk1.8.0_172/jre/lib/desktop/mime/packages/x-java-jnlp-file.xml  
  inflating: /home/pkleczek/Applications/Fiji.app/Fiji.app/java/linux-amd64/jdk1.8.0_172/jre/lib/desktop/mime/packages/x-java-archive.xml  
  inflating: /home/pkleczek/Applications/Fiji.app/Fiji.app/java/linux-amd64/jdk1.8.0_172/jre/lib/desktop/applications/sun-java.desktop  
  inflating: /home/pkleczek/Applications/Fiji.app/Fiji.app/java/linux-amd64/jdk1.8.0_172/jre/lib/desktop/applications/sun_java.desktop  
  inflating: /home/pkleczek/Applications/Fiji.app/Fiji.app/java/linux-amd64/jdk1.8.0_172/jre/lib/desktop/applications/sun-javaws.desktop  
  inflating: /home/pkleczek/Applications/Fiji.app/Fiji.app/java/linux-amd64/jdk1.8.0_172/jre/lib/desktop/icons/hicolor/16x16/mimetypes/gnome-mime-application-x-java-jnlp-file.png  
  inflating: /home/pkleczek/Applications/Fiji.app/Fiji.app/java/linux-amd64/jdk1.8.0_172/jre/lib/desktop/icons/hicolor/16x16/mimetypes/gnome-mime-text-x-java.png  
  inflating: /home/pkleczek/Applications/Fiji.app/Fiji.app/java/linux-amd64/jdk1.8.0_172/jre/lib/desktop/icons/hicolor/16x16/mimetypes/gnome-mime-application-x-java-archive.png  
  inflating: /home/pkleczek/Applications/Fiji.app/Fiji.app/java/linux-amd64/jdk1.8.0_172/jre/lib/desktop/icons/hicolor/16x16/apps/sun-java.png  
  inflating: /home/pkleczek/Applications/Fiji.app/Fiji.app/java/linux-amd64/jdk1.8.0_172/jre/lib/desktop/icons/hicolor/16x16/apps/sun-javaws.png  
  inflating: /home/pkleczek/Applications/Fiji.app/Fiji.app/java/linux-amd64/jdk1.8.0_172/jre/lib/desktop/icons/hicolor/16x16/apps/sun-jcontrol.png  
  inflating: /home/pkleczek/Applications/Fiji.app/Fiji.app/java/linux-amd64/jdk1.8.0_172/jre/lib/desktop/icons/hicolor/48x48/mimetypes/gnome-mime-application-x-java-jnlp-file.png  
  inflating: /home/pkleczek/Applications/Fiji.app/Fiji.app/java/linux-amd64/jdk1.8.0_172/jre/lib/desktop/icons/hicolor/48x48/mimetypes/gnome-mime-text-x-java.png  
  inflating: /home/pkleczek/Applications/Fiji.app/Fiji.app/java/linux-amd64/jdk1.8.0_172/jre/lib/desktop/icons/hicolor/48x48/mimetypes/gnome-mime-application-x-java-archive.png  
  inflating: /home/pkleczek/Applications/Fiji.app/Fiji.app/java/linux-amd64/jdk1.8.0_172/jre/lib/desktop/icons/hicolor/48x48/apps/sun-java.png  
  inflating: /home/pkleczek/Applications/Fiji.app/Fiji.app/java/linux-amd64/jdk1.8.0_172/jre/lib/desktop/icons/hicolor/48x48/apps/sun-javaws.png  
  inflating: /home/pkleczek/Applications/Fiji.app/Fiji.app/java/linux-amd64/jdk1.8.0_172/jre/lib/desktop/icons/hicolor/48x48/apps/sun-jcontrol.png  
  inflating: /home/pkleczek/Applications/Fiji.app/Fiji.app/java/linux-amd64/jdk1.8.0_172/jre/lib/desktop/icons/LowContrast/16x16/mimetypes/gnome-mime-application-x-java-jnlp-file.png  
  inflating: /home/pkleczek/Applications/Fiji.app/Fiji.app/java/linux-amd64/jdk1.8.0_172/jre/lib/desktop/icons/LowContrast/16x16/mimetypes/gnome-mime-text-x-java.png  
  inflating: /home/pkleczek/Applications/Fiji.app/Fiji.app/java/linux-amd64/jdk1.8.0_172/jre/lib/desktop/icons/LowContrast/16x16/mimetypes/gnome-mime-application-x-java-archive.png  
  inflating: /home/pkleczek/Applications/Fiji.app/Fiji.app/java/linux-amd64/jdk1.8.0_172/jre/lib/desktop/icons/LowContrast/16x16/apps/sun-java.png  
  inflating: /home/pkleczek/Applications/Fiji.app/Fiji.app/java/linux-amd64/jdk1.8.0_172/jre/lib/desktop/icons/LowContrast/16x16/apps/sun-javaws.png  
  inflating: /home/pkleczek/Applications/Fiji.app/Fiji.app/java/linux-amd64/jdk1.8.0_172/jre/lib/desktop/icons/LowContrast/16x16/apps/sun-jcontrol.png  
  inflating: /home/pkleczek/Applications/Fiji.app/Fiji.app/java/linux-amd64/jdk1.8.0_172/jre/lib/desktop/icons/LowContrast/48x48/mimetypes/gnome-mime-application-x-java-jnlp-file.png  
  inflating: /home/pkleczek/Applications/Fiji.app/Fiji.app/java/linux-amd64/jdk1.8.0_172/jre/lib/desktop/icons/LowContrast/48x48/mimetypes/gnome-mime-text-x-java.png  
  inflating: /home/pkleczek/Applications/Fiji.app/Fiji.app/java/linux-amd64/jdk1.8.0_172/jre/lib/desktop/icons/LowContrast/48x48/mimetypes/gnome-mime-application-x-java-archive.png  
  inflating: /home/pkleczek/Applications/Fiji.app/Fiji.app/java/linux-amd64/jdk1.8.0_172/jre/lib/desktop/icons/LowContrast/48x48/apps/sun-java.png  
  inflating: /home/pkleczek/Applications/Fiji.app/Fiji.app/java/linux-amd64/jdk1.8.0_172/jre/lib/desktop/icons/LowContrast/48x48/apps/sun-javaws.png  
  inflating: /home/pkleczek/Applications/Fiji.app/Fiji.app/java/linux-amd64/jdk1.8.0_172/jre/lib/desktop/icons/LowContrast/48x48/apps/sun-jcontrol.png  
  inflating: /home/pkleczek/Applications/Fiji.app/Fiji.app/java/linux-amd64/jdk1.8.0_172/jre/lib/desktop/icons/HighContrastInverse/16x16/mimetypes/gnome-mime-application-x-java-jnlp-file.png  
  inflating: /home/pkleczek/Applications/Fiji.app/Fiji.app/java/linux-amd64/jdk1.8.0_172/jre/lib/desktop/icons/HighContrastInverse/16x16/mimetypes/gnome-mime-text-x-java.png  
  inflating: /home/pkleczek/Applications/Fiji.app/Fiji.app/java/linux-amd64/jdk1.8.0_172/jre/lib/desktop/icons/HighContrastInverse/16x16/mimetypes/gnome-mime-application-x-java-archive.png  
  inflating: /home/pkleczek/Applications/Fiji.app/Fiji.app/java/linux-amd64/jdk1.8.0_172/jre/lib/desktop/icons/HighContrastInverse/16x16/apps/sun-java.png  
  inflating: /home/pkleczek/Applications/Fiji.app/Fiji.app/java/linux-amd64/jdk1.8.0_172/jre/lib/desktop/icons/HighContrastInverse/16x16/apps/sun-javaws.png  
  inflating: /home/pkleczek/Applications/Fiji.app/Fiji.app/java/linux-amd64/jdk1.8.0_172/jre/lib/desktop/icons/HighContrastInverse/16x16/apps/sun-jcontrol.png  
  inflating: /home/pkleczek/Applications/Fiji.app/Fiji.app/java/linux-amd64/jdk1.8.0_172/jre/lib/desktop/icons/HighContrastInverse/48x48/mimetypes/gnome-mime-application-x-java-jnlp-file.png  
  inflating: /home/pkleczek/Applications/Fiji.app/Fiji.app/java/linux-amd64/jdk1.8.0_172/jre/lib/desktop/icons/HighContrastInverse/48x48/mimetypes/gnome-mime-text-x-java.png  
  inflating: /home/pkleczek/Applications/Fiji.app/Fiji.app/java/linux-amd64/jdk1.8.0_172/jre/lib/desktop/icons/HighContrastInverse/48x48/mimetypes/gnome-mime-application-x-java-archive.png  
  inflating: /home/pkleczek/Applications/Fiji.app/Fiji.app/java/linux-amd64/jdk1.8.0_172/jre/lib/desktop/icons/HighContrastInverse/48x48/apps/sun-java.png  
  inflating: /home/pkleczek/Applications/Fiji.app/Fiji.app/java/linux-amd64/jdk1.8.0_172/jre/lib/desktop/icons/HighContrastInverse/48x48/apps/sun-javaws.png  
  inflating: /home/pkleczek/Applications/Fiji.app/Fiji.app/java/linux-amd64/jdk1.8.0_172/jre/lib/desktop/icons/HighContrastInverse/48x48/apps/sun-jcontrol.png  
  inflating: /home/pkleczek/Applications/Fiji.app/Fiji.app/java/linux-amd64/jdk1.8.0_172/jre/lib/desktop/icons/HighContrast/16x16/mimetypes/gnome-mime-application-x-java-jnlp-file.png  
  inflating: /home/pkleczek/Applications/Fiji.app/Fiji.app/java/linux-amd64/jdk1.8.0_172/jre/lib/desktop/icons/HighContrast/16x16/mimetypes/gnome-mime-text-x-java.png  
  inflating: /home/pkleczek/Applications/Fiji.app/Fiji.app/java/linux-amd64/jdk1.8.0_172/jre/lib/desktop/icons/HighContrast/16x16/mimetypes/gnome-mime-application-x-java-archive.png  
  inflating: /home/pkleczek/Applications/Fiji.app/Fiji.app/java/linux-amd64/jdk1.8.0_172/jre/lib/desktop/icons/HighContrast/16x16/apps/sun-java.png  
  inflating: /home/pkleczek/Applications/Fiji.app/Fiji.app/java/linux-amd64/jdk1.8.0_172/jre/lib/desktop/icons/HighContrast/16x16/apps/sun-javaws.png  
  inflating: /home/pkleczek/Applications/Fiji.app/Fiji.app/java/linux-amd64/jdk1.8.0_172/jre/lib/desktop/icons/HighContrast/16x16/apps/sun-jcontrol.png  
  inflating: /home/pkleczek/Applications/Fiji.app/Fiji.app/java/linux-amd64/jdk1.8.0_172/jre/lib/desktop/icons/HighContrast/48x48/mimetypes/gnome-mime-application-x-java-jnlp-file.png  
  inflating: /home/pkleczek/Applications/Fiji.app/Fiji.app/java/linux-amd64/jdk1.8.0_172/jre/lib/desktop/icons/HighContrast/48x48/mimetypes/gnome-mime-text-x-java.png  
  inflating: /home/pkleczek/Applications/Fiji.app/Fiji.app/java/linux-amd64/jdk1.8.0_172/jre/lib/desktop/icons/HighContrast/48x48/mimetypes/gnome-mime-application-x-java-archive.png  
  inflating: /home/pkleczek/Applications/Fiji.app/Fiji.app/java/linux-amd64/jdk1.8.0_172/jre/lib/desktop/icons/HighContrast/48x48/apps/sun-java.png  
  inflating: /home/pkleczek/Applications/Fiji.app/Fiji.app/java/linux-amd64/jdk1.8.0_172/jre/lib/desktop/icons/HighContrast/48x48/apps/sun-javaws.png  
  inflating: /home/pkleczek/Applications/Fiji.app/Fiji.app/java/linux-amd64/jdk1.8.0_172/jre/lib/desktop/icons/HighContrast/48x48/apps/sun-jcontrol.png  
  inflating: /home/pkleczek/Applications/Fiji.app/Fiji.app/java/linux-amd64/jdk1.8.0_172/jre/lib/amd64/liblcms.so  
  inflating: /home/pkleczek/Applications/Fiji.app/Fiji.app/java/linux-amd64/jdk1.8.0_172/jre/lib/amd64/libjsoundalsa.so  
  inflating: /home/pkleczek/Applications/Fiji.app/Fiji.app/java/linux-amd64/jdk1.8.0_172/jre/lib/amd64/libmlib_image.so  
  inflating: /home/pkleczek/Applications/Fiji.app/Fiji.app/java/linux-amd64/jdk1.8.0_172/jre/lib/amd64/libawt_headless.so  
  inflating: /home/pkleczek/Applications/Fiji.app/Fiji.app/java/linux-amd64/jdk1.8.0_172/jre/lib/amd64/libjava.so  
  inflating: /home/pkleczek/Applications/Fiji.app/Fiji.app/java/linux-amd64/jdk1.8.0_172/jre/lib/amd64/libprism_es2.so  
  inflating: /home/pkleczek/Applications/Fiji.app/Fiji.app/java/linux-amd64/jdk1.8.0_172/jre/lib/amd64/libzip.so  
  inflating: /home/pkleczek/Applications/Fiji.app/Fiji.app/java/linux-amd64/jdk1.8.0_172/jre/lib/amd64/libnpt.so  
  inflating: /home/pkleczek/Applications/Fiji.app/Fiji.app/java/linux-amd64/jdk1.8.0_172/jre/lib/amd64/libavplugin-54.so  
  inflating: /home/pkleczek/Applications/Fiji.app/Fiji.app/java/linux-amd64/jdk1.8.0_172/jre/lib/amd64/libfxplugins.so  
  inflating: /home/pkleczek/Applications/Fiji.app/Fiji.app/java/linux-amd64/jdk1.8.0_172/jre/lib/amd64/libdcpr.so  
  inflating: /home/pkleczek/Applications/Fiji.app/Fiji.app/java/linux-amd64/jdk1.8.0_172/jre/lib/amd64/libbci.so  
  inflating: /home/pkleczek/Applications/Fiji.app/Fiji.app/java/linux-amd64/jdk1.8.0_172/jre/lib/amd64/libjfxmedia.so  
  inflating: /home/pkleczek/Applications/Fiji.app/Fiji.app/java/linux-amd64/jdk1.8.0_172/jre/lib/amd64/libprism_common.so  
  inflating: /home/pkleczek/Applications/Fiji.app/Fiji.app/java/linux-amd64/jdk1.8.0_172/jre/lib/amd64/libjsdt.so  
  inflating: /home/pkleczek/Applications/Fiji.app/Fiji.app/java/linux-amd64/jdk1.8.0_172/jre/lib/amd64/libjavafx_font.so  
  inflating: /home/pkleczek/Applications/Fiji.app/Fiji.app/java/linux-amd64/jdk1.8.0_172/jre/lib/amd64/libjavafx_font_pango.so  
  inflating: /home/pkleczek/Applications/Fiji.app/Fiji.app/java/linux-amd64/jdk1.8.0_172/jre/lib/amd64/libsunec.so  
  inflating: /home/pkleczek/Applications/Fiji.app/Fiji.app/java/linux-amd64/jdk1.8.0_172/jre/lib/amd64/jvm.cfg  
  inflating: /home/pkleczek/Applications/Fiji.app/Fiji.app/java/linux-amd64/jdk1.8.0_172/jre/lib/amd64/libresource.so  
  inflating: /home/pkleczek/Applications/Fiji.app/Fiji.app/java/linux-amd64/jdk1.8.0_172/jre/lib/amd64/libdeploy.so  
  inflating: /home/pkleczek/Applications/Fiji.app/Fiji.app/java/linux-amd64/jdk1.8.0_172/jre/lib/amd64/libhprof.so  
  inflating: /home/pkleczek/Applications/Fiji.app/Fiji.app/java/linux-amd64/jdk1.8.0_172/jre/lib/amd64/libavplugin-53.so  
  inflating: /home/pkleczek/Applications/Fiji.app/Fiji.app/java/linux-amd64/jdk1.8.0_172/jre/lib/amd64/libavplugin-57.so  
  inflating: /home/pkleczek/Applications/Fiji.app/Fiji.app/java/linux-amd64/jdk1.8.0_172/jre/lib/amd64/libt2k.so  
  inflating: /home/pkleczek/Applications/Fiji.app/Fiji.app/java/linux-amd64/jdk1.8.0_172/jre/lib/amd64/libjavafx_font_t2k.so  
  inflating: /home/pkleczek/Applications/Fiji.app/Fiji.app/java/linux-amd64/jdk1.8.0_172/jre/lib/amd64/libkcms.so  
  inflating: /home/pkleczek/Applications/Fiji.app/Fiji.app/java/linux-amd64/jdk1.8.0_172/jre/lib/amd64/libverify.so  
  inflating: /home/pkleczek/Applications/Fiji.app/Fiji.app/java/linux-amd64/jdk1.8.0_172/jre/lib/amd64/libgstreamer-lite.so  
  inflating: /home/pkleczek/Applications/Fiji.app/Fiji.app/java/linux-amd64/jdk1.8.0_172/jre/lib/amd64/libj2pkcs11.so  
  inflating: /home/pkleczek/Applications/Fiji.app/Fiji.app/java/linux-amd64/jdk1.8.0_172/jre/lib/amd64/libglass.so  
  inflating: /home/pkleczek/Applications/Fiji.app/Fiji.app/java/linux-amd64/jdk1.8.0_172/jre/lib/amd64/libprism_sw.so  
  inflating: /home/pkleczek/Applications/Fiji.app/Fiji.app/java/linux-amd64/jdk1.8.0_172/jre/lib/amd64/libdt_socket.so  
  inflating: /home/pkleczek/Applications/Fiji.app/Fiji.app/java/linux-amd64/jdk1.8.0_172/jre/lib/amd64/server/Xusage.txt  
  inflating: /home/pkleczek/Applications/Fiji.app/Fiji.app/java/linux-amd64/jdk1.8.0_172/jre/lib/amd64/server/libjvm.so  
  inflating: /home/pkleczek/Applications/Fiji.app/Fiji.app/java/linux-amd64/jdk1.8.0_172/jre/lib/amd64/server/libjsig.so  
  inflating: /home/pkleczek/Applications/Fiji.app/Fiji.app/java/linux-amd64/jdk1.8.0_172/jre/lib/amd64/libunpack.so  
  inflating: /home/pkleczek/Applications/Fiji.app/Fiji.app/java/linux-amd64/jdk1.8.0_172/jre/lib/amd64/libavplugin-ffmpeg-57.so  
  inflating: /home/pkleczek/Applications/Fiji.app/Fiji.app/java/linux-amd64/jdk1.8.0_172/jre/lib/amd64/libjavafx_font_freetype.so  
  inflating: /home/pkleczek/Applications/Fiji.app/Fiji.app/java/linux-amd64/jdk1.8.0_172/jre/lib/amd64/libjawt.so  
  inflating: /home/pkleczek/Applications/Fiji.app/Fiji.app/java/linux-amd64/jdk1.8.0_172/jre/lib/amd64/libjava_crw_demo.so  
  inflating: /home/pkleczek/Applications/Fiji.app/Fiji.app/java/linux-amd64/jdk1.8.0_172/jre/lib/amd64/libjsound.so  
  inflating: /home/pkleczek/Applications/Fiji.app/Fiji.app/java/linux-amd64/jdk1.8.0_172/jre/lib/amd64/libavplugin-ffmpeg-56.so  
  inflating: /home/pkleczek/Applications/Fiji.app/Fiji.app/java/linux-amd64/jdk1.8.0_172/jre/lib/amd64/libsctp.so  
  inflating: /home/pkleczek/Applications/Fiji.app/Fiji.app/java/linux-amd64/jdk1.8.0_172/jre/lib/amd64/libjsig.so  
  inflating: /home/pkleczek/Applications/Fiji.app/Fiji.app/java/linux-amd64/jdk1.8.0_172/jre/lib/amd64/libawt.so  
  inflating: /home/pkleczek/Applications/Fiji.app/Fiji.app/java/linux-amd64/jdk1.8.0_172/jre/lib/amd64/libdecora_sse.so  
  inflating: /home/pkleczek/Applications/Fiji.app/Fiji.app/java/linux-amd64/jdk1.8.0_172/jre/lib/amd64/libjdwp.so  
  inflating: /home/pkleczek/Applications/Fiji.app/Fiji.app/java/linux-amd64/jdk1.8.0_172/jre/lib/amd64/libfontmanager.so  
  inflating: /home/pkleczek/Applications/Fiji.app/Fiji.app/java/linux-amd64/jdk1.8.0_172/jre/lib/amd64/libnpjp2.so  
  inflating: /home/pkleczek/Applications/Fiji.app/Fiji.app/java/linux-amd64/jdk1.8.0_172/jre/lib/amd64/libjpeg.so  
  inflating: /home/pkleczek/Applications/Fiji.app/Fiji.app/java/linux-amd64/jdk1.8.0_172/jre/lib/amd64/libnio.so  
  inflating: /home/pkleczek/Applications/Fiji.app/Fiji.app/java/linux-amd64/jdk1.8.0_172/jre/lib/amd64/libmanagement.so  
  inflating: /home/pkleczek/Applications/Fiji.app/Fiji.app/java/linux-amd64/jdk1.8.0_172/jre/lib/amd64/libavplugin-56.so  
  inflating: /home/pkleczek/Applications/Fiji.app/Fiji.app/java/linux-amd64/jdk1.8.0_172/jre/lib/amd64/libnet.so  
  inflating: /home/pkleczek/Applications/Fiji.app/Fiji.app/java/linux-amd64/jdk1.8.0_172/jre/lib/amd64/libjaas_unix.so  
  inflating: /home/pkleczek/Applications/Fiji.app/Fiji.app/java/linux-amd64/jdk1.8.0_172/jre/lib/amd64/libjfxwebkit.so  
  inflating: /home/pkleczek/Applications/Fiji.app/Fiji.app/java/linux-amd64/jdk1.8.0_172/jre/lib/amd64/libavplugin-55.so  
  inflating: /home/pkleczek/Applications/Fiji.app/Fiji.app/java/linux-amd64/jdk1.8.0_172/jre/lib/amd64/libj2pcsc.so  
  inflating: /home/pkleczek/Applications/Fiji.app/Fiji.app/java/linux-amd64/jdk1.8.0_172/jre/lib/amd64/libinstrument.so  
  inflating: /home/pkleczek/Applications/Fiji.app/Fiji.app/java/linux-amd64/jdk1.8.0_172/jre/lib/amd64/libsplashscreen.so  
  inflating: /home/pkleczek/Applications/Fiji.app/Fiji.app/java/linux-amd64/jdk1.8.0_172/jre/lib/amd64/jli/libjli.so  
  inflating: /home/pkleczek/Applications/Fiji.app/Fiji.app/java/linux-amd64/jdk1.8.0_172/jre/lib/amd64/libjavafx_iio.so  
  inflating: /home/pkleczek/Applications/Fiji.app/Fiji.app/java/linux-amd64/jdk1.8.0_172/jre/lib/amd64/libj2gss.so  
  inflating: /home/pkleczek/Applications/Fiji.app/Fiji.app/java/linux-amd64/jdk1.8.0_172/jre/lib/amd64/libjfr.so  
  inflating: /home/pkleczek/Applications/Fiji.app/Fiji.app/java/linux-amd64/jdk1.8.0_172/jre/lib/amd64/libawt_xawt.so  
  inflating: /home/pkleczek/Applications/Fiji.app/Fiji.app/java/linux-amd64/jdk1.8.0_172/jre/lib/flavormap.properties  
  inflating: /home/pkleczek/Applications/Fiji.app/Fiji.app/java/linux-amd64/jdk1.8.0_172/jre/lib/calendars.properties  
  inflating: /home/pkleczek/Applications/Fiji.app/Fiji.app/java/linux-amd64/jdk1.8.0_172/jre/lib/fontconfig.Turbo.properties.src  
  inflating: /home/pkleczek/Applications/Fiji.app/Fiji.app/java/linux-amd64/jdk1.8.0_172/jre/lib/management-agent.jar  
  inflating: /home/pkleczek/Applications/Fiji.app/Fiji.app/java/linux-amd64/jdk1.8.0_172/jre/lib/locale/ja/LC_MESSAGES/sunw_java_plugin.mo  
  inflating: /home/pkleczek/Applications/Fiji.app/Fiji.app/java/linux-amd64/jdk1.8.0_172/jre/lib/locale/ko.UTF-8/LC_MESSAGES/sunw_java_plugin.mo  
  inflating: /home/pkleczek/Applications/Fiji.app/Fiji.app/java/linux-amd64/jdk1.8.0_172/jre/lib/locale/de/LC_MESSAGES/sunw_java_plugin.mo  
  inflating: /home/pkleczek/Applications/Fiji.app/Fiji.app/java/linux-amd64/jdk1.8.0_172/jre/lib/locale/sv/LC_MESSAGES/sunw_java_plugin.mo  
  inflating: /home/pkleczek/Applications/Fiji.app/Fiji.app/java/linux-amd64/jdk1.8.0_172/jre/lib/locale/zh_TW.BIG5/LC_MESSAGES/sunw_java_plugin.mo  
  inflating: /home/pkleczek/Applications/Fiji.app/Fiji.app/java/linux-amd64/jdk1.8.0_172/jre/lib/locale/zh.GBK/LC_MESSAGES/sunw_java_plugin.mo  
  inflating: /home/pkleczek/Applications/Fiji.app/Fiji.app/java/linux-amd64/jdk1.8.0_172/jre/lib/locale/fr/LC_MESSAGES/sunw_java_plugin.mo  
  inflating: /home/pkleczek/Applications/Fiji.app/Fiji.app/java/linux-amd64/jdk1.8.0_172/jre/lib/locale/it/LC_MESSAGES/sunw_java_plugin.mo  
  inflating: /home/pkleczek/Applications/Fiji.app/Fiji.app/java/linux-amd64/jdk1.8.0_172/jre/lib/locale/zh_HK.BIG5HK/LC_MESSAGES/sunw_java_plugin.mo  
  inflating: /home/pkleczek/Applications/Fiji.app/Fiji.app/java/linux-amd64/jdk1.8.0_172/jre/lib/locale/es/LC_MESSAGES/sunw_java_plugin.mo  
  inflating: /home/pkleczek/Applications/Fiji.app/Fiji.app/java/linux-amd64/jdk1.8.0_172/jre/lib/locale/zh/LC_MESSAGES/sunw_java_plugin.mo  
  inflating: /home/pkleczek/Applications/Fiji.app/Fiji.app/java/linux-amd64/jdk1.8.0_172/jre/lib/locale/ko/LC_MESSAGES/sunw_java_plugin.mo  
  inflating: /home/pkleczek/Applications/Fiji.app/Fiji.app/java/linux-amd64/jdk1.8.0_172/jre/lib/locale/zh_TW/LC_MESSAGES/sunw_java_plugin.mo  
  inflating: /home/pkleczek/Applications/Fiji.app/Fiji.app/java/linux-amd64/jdk1.8.0_172/jre/lib/locale/pt_BR/LC_MESSAGES/sunw_java_plugin.mo  
  inflating: /home/pkleczek/Applications/Fiji.app/Fiji.app/java/linux-amd64/jdk1.8.0_172/jre/lib/currency.data  
  inflating: /home/pkleczek/Applications/Fiji.app/Fiji.app/java/linux-amd64/jdk1.8.0_172/jre/lib/fontconfig.properties.src  
  inflating: /home/pkleczek/Applications/Fiji.app/Fiji.app/java/linux-amd64/jdk1.8.0_172/jre/lib/jce.jar  
  inflating: /home/pkleczek/Applications/Fiji.app/Fiji.app/java/linux-amd64/jdk1.8.0_172/jre/lib/rt.jar  
  inflating: /home/pkleczek/Applications/Fiji.app/Fiji.app/java/linux-amd64/jdk1.8.0_172/jre/lib/psfontj2d.properties  
  inflating: /home/pkleczek/Applications/Fiji.app/Fiji.app/java/linux-amd64/jdk1.8.0_172/jre/lib/content-types.properties  
  inflating: /home/pkleczek/Applications/Fiji.app/Fiji.app/java/linux-amd64/jdk1.8.0_172/jre/lib/jfr.jar  
  inflating: /home/pkleczek/Applications/Fiji.app/Fiji.app/java/linux-amd64/jdk1.8.0_172/jre/lib/javaws.jar  
  inflating: /home/pkleczek/Applications/Fiji.app/Fiji.app/java/linux-amd64/jdk1.8.0_172/jre/lib/jfxswt.jar  
